0001_0027_0035_0038_0038.jpg 1 27 35 38 38
0002_0014_0009_0053_0053.jpg 1 14 9 53 53
0003_0038_0015_0057_0057.jpg 1 38 15 57 57
0004_0014_0028_0067_0067.jpg 1 14 28 67 67
0005_0021_0023_0067_0067.jpg 1 21 23 67 67
0006_0015_0017_0068_0068.jpg 1 15 17 68 68
0007_0026_0022_0050_0050.jpg 1 26 22 50 50
0008_0019_0036_0056_0056.jpg 1 19 36 56 56
0009_0024_0014_0044_0044.jpg 1 24 14 44 44
0010_0060_0053_0028_0028.jpg 1 60 53 28 28
0011_0030_0014_0042_0042.jpg 1 30 14 42 42
0012_0037_0042_0053_0053.jpg 1 37 42 53 53
0013_0013_0021_0052_0052.jpg 1 13 21 52 52
0014_0034_0025_0056_0056.jpg 1 34 25 56 56
0015_0033_0024_0061_0061.jpg 1 33 24 61 61
0016_0037_0011_0051_0051.jpg 1 37 11 51 51
0017_0033_0022_0056_0056.jpg 1 33 22 56 56
0018_0048_0016_0037_0037.jpg 1 48 16 37 37
0019_0019_0014_0049_0049.jpg 1 19 14 49 49
0020_0019_0029_0057_0057.jpg 1 19 29 57 57
0021_0049_0018_0036_0036.jpg 1 49 18 36 36
0022_0045_0041_0038_0038.jpg 1 45 41 38 38
0023_0040_0019_0027_0027.jpg 1 40 19 27 27
0024_0045_0052_0031_0031.jpg 1 45 52 31 31
0025_0044_0010_0046_0046.jpg 1 44 10 46 46
0026_0025_0031_0054_0054.jpg 1 25 31 54 54
0027_0013_0048_0035_0035.jpg 1 13 48 35 35
0028_0048_0032_0028_0028.jpg 1 48 32 28 28
0029_0037_0043_0046_0046.jpg 1 37 43 46 46
0030_0014_0010_0041_0041.jpg 1 14 10 41 41
0031_0033_0027_0057_0057.jpg 1 33 27 57 57
0032_0020_0043_0037_0037.jpg 1 20 43 37 37
0033_0007_0024_0067_0067.jpg 1 7 24 67 67
0034_0009_0060_0028_0028.jpg 1 9 60 28 28
0035_0036_0018_0047_0047.jpg 1 36 18 47 47
0036_0017_0017_0063_0063.jpg 1 17 17 63 63
0037_0017_0037_0048_0048.jpg 1 17 37 48 48
0038_0017_0035_0036_0036.jpg 1 17 35 36 36
0039_0025_0015_0033_0033.jpg 1 25 15 33 33
0040_0023_0010_0055_0055.jpg 1 23 10 55 55
0041_0032_0027_0058_0058.jpg 1 32 27 58 58
0042_0028_0009_0051_0051.jpg 1 28 9 51 51
0043_0028_0017_0060_0060.jpg 1 28 17 60 60
0044_0009_0012_0066_0066.jpg 1 9 12 66 66
0045_0030_0007_0057_0057.jpg 1 30 7 57 57
0046_0009_0011_0068_0068.jpg 1 9 11 68 68
0047_0034_0047_0042_0042.jpg 1 34 47 42 42
0048_0048_0029_0040_0040.jpg 1 48 29 40 40
0049_0035_0028_0055_0055.jpg 1 35 28 55 55
0050_0030_0026_0025_0025.jpg 1 30 26 25 25
0051_0028_0013_0059_0059.jpg 1 28 13 59 59
0052_0045_0047_0046_0046.jpg 1 45 47 46 46
0053_0012_0034_0054_0054.jpg 1 12 34 54 54
0054_0022_0028_0059_0059.jpg 1 22 28 59 59
0055_0023_0018_0035_0035.jpg 1 23 18 35 35
0056_0041_0015_0039_0039.jpg 1 41 15 39 39
0057_0040_0009_0029_0029.jpg 1 40 9 29 29
0058_0013_0020_0050_0050.jpg 1 13 20 50 50
0059_0033_0017_0037_0037.jpg 1 33 17 37 37
0060_0016_0033_0026_0026.jpg 1 16 33 26 26
0061_0019_0044_0039_0039.jpg 1 19 44 39 39
0062_0005_0007_0062_0062.jpg 1 5 7 62 62
0063_0063_0015_0028_0028.jpg 1 63 15 28 28
0064_0008_0005_0069_0069.jpg 1 8 5 69 69
0065_0037_0039_0049_0049.jpg 1 37 39 49 49
0066_0023_0010_0067_0067.jpg 1 23 10 67 67
0067_0035_0044_0050_0050.jpg 1 35 44 50 50
0068_0014_0040_0026_0026.jpg 1 14 40 26 26
0069_0031_0020_0062_0062.jpg 1 31 20 62 62
0070_0025_0041_0047_0047.jpg 1 25 41 47 47
0071_0011_0007_0059_0059.jpg 1 11 7 59 59
0072_0016_0013_0040_0040.jpg 1 16 13 40 40
0073_0057_0041_0032_0032.jpg 1 57 41 32 32
0074_0044_0024_0048_0048.jpg 1 44 24 48 48
0075_0029_0006_0055_0055.jpg 1 29 6 55 55
0076_0027_0052_0041_0041.jpg 1 27 52 41 41
0077_0038_0018_0039_0039.jpg 1 38 18 39 39
0078_0027_0031_0057_0057.jpg 1 27 31 57 57
0079_0023_0021_0052_0052.jpg 1 23 21 52 52
0080_0043_0043_0038_0038.jpg 1 43 43 38 38
0081_0031_0041_0033_0033.jpg 1 31 41 33 33
0082_0010_0011_0066_0066.jpg 1 10 11 66 66
0083_0011_0015_0037_0037.jpg 1 11 15 37 37
0084_0012_0013_0059_0059.jpg 1 12 13 59 59
0085_0012_0008_0062_0062.jpg 1 12 8 62 62
0086_0019_0035_0039_0039.jpg 1 19 35 39 39
0087_0040_0032_0035_0035.jpg 1 40 32 35 35
0088_0006_0046_0048_0048.jpg 1 6 46 48 48
0089_0052_0034_0037_0037.jpg 1 52 34 37 37
0090_0012_0007_0062_0062.jpg 1 12 7 62 62
0091_0054_0011_0034_0034.jpg 1 54 11 34 34
0092_0006_0026_0069_0069.jpg 1 6 26 69 69
0093_0024_0024_0032_0032.jpg 1 24 24 32 32
0094_0010_0026_0038_0038.jpg 1 10 26 38 38
0095_0029_0036_0058_0058.jpg 1 29 36 58 58
0096_0047_0042_0047_0047.jpg 1 47 42 47 47
0097_0047_0012_0036_0036.jpg 1 47 12 36 36
0098_0018_0046_0025_0025.jpg 1 18 46 25 25
0099_0012_0048_0031_0031.jpg 1 12 48 31 31
0100_0024_0039_0026_0026.jpg 1 24 39 26 26
0101_0029_0013_0061_0061.jpg 1 29 13 61 61
0102_0018_0009_0066_0066.jpg 1 18 9 66 66
0103_0021_0019_0064_0064.jpg 1 21 19 64 64
0104_0026_0038_0054_0054.jpg 1 26 38 54 54
0105_0040_0033_0036_0036.jpg 1 40 33 36 36
0106_0034_0015_0057_0057.jpg 1 34 15 57 57
0107_0020_0021_0069_0069.jpg 1 20 21 69 69
0108_0049_0058_0027_0027.jpg 1 49 58 27 27
0109_0026_0006_0047_0047.jpg 1 26 6 47 47
0110_0037_0024_0029_0029.jpg 1 37 24 29 29
0111_0015_0052_0038_0038.jpg 1 15 52 38 38
0112_0039_0029_0041_0041.jpg 1 39 29 41 41
0113_0027_0013_0063_0063.jpg 1 27 13 63 63
0114_0053_0007_0038_0038.jpg 1 53 7 38 38
0115_0010_0029_0065_0065.jpg 1 10 29 65 65
0116_0012_0011_0054_0054.jpg 1 12 11 54 54
0117_0039_0053_0029_0029.jpg 1 39 53 29 29
0118_0019_0029_0057_0057.jpg 1 19 29 57 57
0119_0024_0032_0038_0038.jpg 1 24 32 38 38
0120_0028_0028_0050_0050.jpg 1 28 28 50 50
0121_0050_0023_0037_0037.jpg 1 50 23 37 37
0122_0030_0023_0064_0064.jpg 1 30 23 64 64
0123_0014_0041_0042_0042.jpg 1 14 41 42 42
0124_0016_0014_0061_0061.jpg 1 16 14 61 61
0125_0050_0022_0044_0044.jpg 1 50 22 44 44
0126_0011_0011_0054_0054.jpg 1 11 11 54 54
0127_0019_0028_0066_0066.jpg 1 19 28 66 66
0128_0007_0043_0046_0046.jpg 1 7 43 46 46
0129_0026_0039_0036_0036.jpg 1 26 39 36 36
0130_0043_0020_0049_0049.jpg 1 43 20 49 49
0131_0009_0013_0067_0067.jpg 1 9 13 67 67
0132_0025_0038_0056_0056.jpg 1 25 38 56 56
0133_0045_0048_0037_0037.jpg 1 45 48 37 37
0134_0016_0058_0035_0035.jpg 1 16 58 35 35
0135_0032_0029_0062_0062.jpg 1 32 29 62 62
0136_0027_0015_0034_0034.jpg 1 27 15 34 34
0137_0029_0028_0026_0026.jpg 1 29 28 26 26
0138_0032_0014_0055_0055.jpg 1 32 14 55 55
0139_0016_0021_0055_0055.jpg 1 16 21 55 55
0140_0030_0023_0061_0061.jpg 1 30 23 61 61
0141_0023_0038_0027_0027.jpg 1 23 38 27 27
0142_0052_0037_0024_0024.jpg 1 52 37 24 24
0143_0056_0014_0026_0026.jpg 1 56 14 26 26
0144_0004_0030_0061_0061.jpg 1 4 30 61 61
0145_0014_0017_0067_0067.jpg 1 14 17 67 67
0146_0027_0013_0037_0037.jpg 1 27 13 37 37
0147_0005_0028_0058_0058.jpg 1 5 28 58 58
0148_0010_0035_0048_0048.jpg 1 10 35 48 48
0149_0053_0027_0030_0030.jpg 1 53 27 30 30
0150_0011_0023_0038_0038.jpg 1 11 23 38 38
0151_0046_0040_0041_0041.jpg 1 46 40 41 41
0152_0041_0006_0041_0041.jpg 1 41 6 41 41
0153_0037_0018_0044_0044.jpg 1 37 18 44 44
0154_0042_0031_0039_0039.jpg 1 42 31 39 39
0155_0061_0053_0026_0026.jpg 1 61 53 26 26
0156_0031_0031_0064_0064.jpg 1 31 31 64 64
0157_0031_0019_0065_0065.jpg 1 31 19 65 65
0158_0007_0017_0056_0056.jpg 1 7 17 56 56
0159_0015_0037_0034_0034.jpg 1 15 37 34 34
0160_0019_0025_0068_0068.jpg 1 19 25 68 68
0161_0030_0030_0035_0035.jpg 1 30 30 35 35
0162_0023_0019_0067_0067.jpg 1 23 19 67 67
0163_0023_0014_0064_0064.jpg 1 23 14 64 64
0164_0030_0034_0024_0024.jpg 1 30 34 24 24
0165_0008_0027_0049_0049.jpg 1 8 27 49 49
0166_0011_0013_0066_0066.jpg 1 11 13 66 66
0167_0008_0035_0061_0061.jpg 1 8 35 61 61
0168_0016_0058_0025_0025.jpg 1 16 58 25 25
0169_0015_0014_0066_0066.jpg 1 15 14 66 66
0170_0007_0033_0039_0039.jpg 1 7 33 39 39
0171_0037_0033_0037_0037.jpg 1 37 33 37 37
0172_0035_0005_0056_0056.jpg 1 35 5 56 56
0173_0026_0022_0062_0062.jpg 1 26 22 62 62
0174_0012_0019_0064_0064.jpg 1 12 19 64 64
0175_0053_0033_0036_0036.jpg 1 53 33 36 36
0176_0038_0013_0056_0056.jpg 1 38 13 56 56
0177_0031_0029_0044_0044.jpg 1 31 29 44 44
0178_0007_0015_0063_0063.jpg 1 7 15 63 63
0179_0029_0043_0030_0030.jpg 1 29 43 30 30
0180_0014_0023_0069_0069.jpg 1 14 23 69 69
0181_0030_0050_0038_0038.jpg 1 30 50 38 38
0182_0026_0034_0046_0046.jpg 1 26 34 46 46
0183_0022_0023_0031_0031.jpg 1 22 23 31 31
0184_0012_0019_0068_0068.jpg 1 12 19 68 68
0185_0021_0037_0058_0058.jpg 1 21 37 58 58
0186_0024_0012_0047_0047.jpg 1 24 12 47 47
0187_0023_0026_0055_0055.jpg 1 23 26 55 55
0188_0026_0039_0026_0026.jpg 1 26 39 26 26
0189_0027_0023_0047_0047.jpg 1 27 23 47 47
0190_0026_0014_0062_0062.jpg 1 26 14 62 62
0191_0010_0040_0048_0048.jpg 1 10 40 48 48
0192_0020_0011_0024_0024.jpg 1 20 11 24 24
0193_0036_0045_0036_0036.jpg 1 36 45 36 36
0194_0004_0006_0062_0062.jpg 1 4 6 62 62
0195_0034_0012_0059_0059.jpg 1 34 12 59 59
0196_0037_0024_0052_0052.jpg 1 37 24 52 52
0197_0034_0056_0033_0033.jpg 1 34 56 33 33
0198_0024_0040_0052_0052.jpg 1 24 40 52 52
0199_0018_0023_0065_0065.jpg 1 18 23 65 65
0200_0014_0017_0047_0047.jpg 1 14 17 47 47
0201_0030_0016_0062_0062.jpg 1 30 16 62 62
0202_0038_0049_0041_0041.jpg 1 38 49 41 41
0203_0009_0053_0024_0024.jpg 1 9 53 24 24
0204_0030_0030_0039_0039.jpg 1 30 30 39 39
0205_0065_0047_0027_0027.jpg 1 65 47 27 27
0206_0028_0022_0049_0049.jpg 1 28 22 49 49
0207_0051_0018_0041_0041.jpg 1 51 18 41 41
0208_0053_0047_0028_0028.jpg 1 53 47 28 28
0209_0006_0008_0064_0064.jpg 1 6 8 64 64
0210_0027_0036_0050_0050.jpg 1 27 36 50 50
0211_0026_0024_0047_0047.jpg 1 26 24 47 47
0212_0025_0006_0051_0051.jpg 1 25 6 51 51
0213_0029_0015_0059_0059.jpg 1 29 15 59 59
0214_0005_0023_0066_0066.jpg 1 5 23 66 66
0215_0040_0052_0027_0027.jpg 1 40 52 27 27
0216_0020_0019_0049_0049.jpg 1 20 19 49 49
0217_0016_0028_0058_0058.jpg 1 16 28 58 58
0218_0013_0015_0024_0024.jpg 1 13 15 24 24
0219_0055_0013_0032_0032.jpg 1 55 13 32 32
0220_0047_0041_0044_0044.jpg 1 47 41 44 44
0221_0016_0018_0054_0054.jpg 1 16 18 54 54
0222_0018_0057_0024_0024.jpg 1 18 57 24 24
0223_0031_0015_0058_0058.jpg 1 31 15 58 58
0224_0038_0012_0036_0036.jpg 1 38 12 36 36
0225_0003_0027_0068_0068.jpg 1 3 27 68 68
0226_0038_0055_0031_0031.jpg 1 38 55 31 31
0227_0048_0013_0041_0041.jpg 1 48 13 41 41
0228_0016_0017_0069_0069.jpg 1 16 17 69 69
0229_0033_0013_0036_0036.jpg 1 33 13 36 36
0230_0054_0008_0033_0033.jpg 1 54 8 33 33
0231_0004_0024_0065_0065.jpg 1 4 24 65 65
0232_0018_0030_0054_0054.jpg 1 18 30 54 54
0233_0022_0013_0044_0044.jpg 1 22 13 44 44
0234_0036_0031_0051_0051.jpg 1 36 31 51 51
0235_0027_0042_0024_0024.jpg 1 27 42 24 24
0236_0033_0022_0061_0061.jpg 1 33 22 61 61
0237_0040_0035_0054_0054.jpg 1 40 35 54 54
0238_0040_0022_0038_0038.jpg 1 40 22 38 38
0239_0050_0049_0043_0043.jpg 1 50 49 43 43
0240_0040_0067_0024_0024.jpg 1 40 67 24 24
0241_0021_0031_0052_0052.jpg 1 21 31 52 52
0242_0016_0030_0035_0035.jpg 1 16 30 35 35
0243_0013_0010_0063_0063.jpg 1 13 10 63 63
0244_0017_0016_0031_0031.jpg 1 17 16 31 31
0245_0042_0017_0050_0050.jpg 1 42 17 50 50
0246_0027_0021_0062_0062.jpg 1 27 21 62 62
0247_0030_0032_0042_0042.jpg 1 30 32 42 42
0248_0025_0014_0030_0030.jpg 1 25 14 30 30
0249_0051_0028_0033_0033.jpg 1 51 28 33 33
0250_0016_0024_0036_0036.jpg 1 16 24 36 36
0251_0041_0028_0047_0047.jpg 1 41 28 47 47
0252_0030_0008_0062_0062.jpg 1 30 8 62 62
0253_0020_0019_0069_0069.jpg 1 20 19 69 69
0254_0040_0019_0045_0045.jpg 1 40 19 45 45
0255_0011_0015_0068_0068.jpg 1 11 15 68 68
0256_0025_0006_0063_0063.jpg 1 25 6 63 63
0257_0025_0041_0038_0038.jpg 1 25 41 38 38
0258_0011_0019_0039_0039.jpg 1 11 19 39 39
0259_0039_0052_0028_0028.jpg 1 39 52 28 28
0260_0013_0061_0030_0030.jpg 1 13 61 30 30
0261_0041_0016_0040_0040.jpg 1 41 16 40 40
0262_0032_0025_0048_0048.jpg 1 32 25 48 48
0263_0038_0007_0032_0032.jpg 1 38 7 32 32
0264_0017_0010_0055_0055.jpg 1 17 10 55 55
0265_0010_0011_0053_0053.jpg 1 10 11 53 53
0266_0019_0022_0062_0062.jpg 1 19 22 62 62
0267_0014_0009_0064_0064.jpg 1 14 9 64 64
0268_0029_0048_0028_0028.jpg 1 29 48 28 28
0269_0031_0040_0031_0031.jpg 1 31 40 31 31
0270_0032_0032_0063_0063.jpg 1 32 32 63 63
0271_0023_0023_0045_0045.jpg 1 23 23 45 45
0272_0022_0010_0039_0039.jpg 1 22 10 39 39
0273_0024_0055_0026_0026.jpg 1 24 55 26 26
0274_0015_0023_0046_0046.jpg 1 15 23 46 46
0275_0015_0007_0059_0059.jpg 1 15 7 59 59
0276_0052_0024_0038_0038.jpg 1 52 24 38 38
0277_0041_0050_0035_0035.jpg 1 41 50 35 35
0278_0048_0056_0031_0031.jpg 1 48 56 31 31
0279_0017_0054_0034_0034.jpg 1 17 54 34 34
0280_0019_0033_0025_0025.jpg 1 19 33 25 25
0281_0017_0013_0042_0042.jpg 1 17 13 42 42
0282_0030_0009_0063_0063.jpg 1 30 9 63 63
0283_0008_0022_0026_0026.jpg 1 8 22 26 26
0284_0030_0034_0028_0028.jpg 1 30 34 28 28
0285_0044_0026_0044_0044.jpg 1 44 26 44 44
0286_0025_0023_0046_0046.jpg 1 25 23 46 46
0287_0036_0044_0046_0046.jpg 1 36 44 46 46
0288_0017_0035_0037_0037.jpg 1 17 35 37 37
0289_0017_0029_0047_0047.jpg 1 17 29 47 47
0290_0034_0007_0044_0044.jpg 1 34 7 44 44
0291_0005_0033_0061_0061.jpg 1 5 33 61 61
0292_0003_0029_0065_0065.jpg 1 3 29 65 65
0293_0009_0042_0040_0040.jpg 1 9 42 40 40
0294_0034_0036_0054_0054.jpg 1 34 36 54 54
0295_0015_0010_0056_0056.jpg 1 15 10 56 56
0296_0026_0021_0040_0040.jpg 1 26 21 40 40
0297_0034_0018_0060_0060.jpg 1 34 18 60 60
0298_0007_0015_0027_0027.jpg 1 7 15 27 27
0299_0016_0017_0033_0033.jpg 1 16 17 33 33
0300_0005_0025_0063_0063.jpg 1 5 25 63 63
0301_0059_0058_0031_0031.jpg 1 59 58 31 31
0302_0007_0013_0060_0060.jpg 1 7 13 60 60
0303_0011_0017_0063_0063.jpg 1 11 17 63 63
0304_0027_0024_0062_0062.jpg 1 27 24 62 62
0305_0033_0025_0051_0051.jpg 1 33 25 51 51
0306_0013_0017_0045_0045.jpg 1 13 17 45 45
0307_0016_0013_0051_0051.jpg 1 16 13 51 51
0308_0023_0015_0037_0037.jpg 1 23 15 37 37
0309_0038_0032_0031_0031.jpg 1 38 32 31 31
0310_0030_0011_0055_0055.jpg 1 30 11 55 55
0311_0016_0011_0054_0054.jpg 1 16 11 54 54
0312_0025_0012_0062_0062.jpg 1 25 12 62 62
0313_0023_0035_0051_0051.jpg 1 23 35 51 51
0314_0047_0024_0029_0029.jpg 1 47 24 29 29
0315_0035_0031_0036_0036.jpg 1 35 31 36 36
0316_0046_0030_0033_0033.jpg 1 46 30 33 33
0317_0045_0011_0043_0043.jpg 1 45 11 43 43
0318_0018_0032_0037_0037.jpg 1 18 32 37 37
0319_0023_0005_0047_0047.jpg 1 23 5 47 47
0320_0018_0037_0032_0032.jpg 1 18 37 32 32
0321_0034_0012_0034_0034.jpg 1 34 12 34 34
0322_0009_0004_0065_0065.jpg 1 9 4 65 65
0323_0024_0028_0067_0067.jpg 1 24 28 67 67
0324_0020_0019_0054_0054.jpg 1 20 19 54 54
0325_0019_0006_0052_0052.jpg 1 19 6 52 52
0326_0020_0027_0068_0068.jpg 1 20 27 68 68
0327_0012_0039_0048_0048.jpg 1 12 39 48 48
0328_0036_0039_0046_0046.jpg 1 36 39 46 46
0329_0007_0026_0056_0056.jpg 1 7 26 56 56
0330_0056_0014_0035_0035.jpg 1 56 14 35 35
0331_0057_0029_0025_0025.jpg 1 57 29 25 25
0332_0055_0008_0036_0036.jpg 1 55 8 36 36
0333_0006_0018_0067_0067.jpg 1 6 18 67 67
0334_0049_0010_0032_0032.jpg 1 49 10 32 32
0335_0009_0016_0062_0062.jpg 1 9 16 62 62
0336_0009_0032_0033_0033.jpg 1 9 32 33 33
0337_0029_0008_0041_0041.jpg 1 29 8 41 41
0338_0040_0023_0045_0045.jpg 1 40 23 45 45
0339_0011_0040_0047_0047.jpg 1 11 40 47 47
0340_0054_0041_0025_0025.jpg 1 54 41 25 25
0341_0053_0054_0037_0037.jpg 1 53 54 37 37
0342_0018_0035_0057_0057.jpg 1 18 35 57 57
0343_0026_0053_0033_0033.jpg 1 26 53 33 33
0344_0041_0045_0036_0036.jpg 1 41 45 36 36
0345_0033_0043_0032_0032.jpg 1 33 43 32 32
0346_0034_0034_0061_0061.jpg 1 34 34 61 61
0347_0006_0017_0066_0066.jpg 1 6 17 66 66
0348_0016_0048_0039_0039.jpg 1 16 48 39 39
0349_0039_0011_0044_0044.jpg 1 39 11 44 44
0350_0013_0028_0057_0057.jpg 1 13 28 57 57
0351_0049_0049_0038_0038.jpg 1 49 49 38 38
0352_0015_0035_0030_0030.jpg 1 15 35 30 30
0353_0023_0029_0051_0051.jpg 1 23 29 51 51
0354_0019_0037_0047_0047.jpg 1 19 37 47 47
0355_0027_0022_0051_0051.jpg 1 27 22 51 51
0356_0044_0012_0034_0034.jpg 1 44 12 34 34
0357_0047_0048_0028_0028.jpg 1 47 48 28 28
0358_0009_0042_0042_0042.jpg 1 9 42 42 42
0359_0018_0006_0049_0049.jpg 1 18 6 49 49
0360_0016_0006_0066_0066.jpg 1 16 6 66 66
0361_0007_0016_0041_0041.jpg 1 7 16 41 41
0362_0038_0048_0037_0037.jpg 1 38 48 37 37
0363_0012_0030_0056_0056.jpg 1 12 30 56 56
0364_0012_0020_0061_0061.jpg 1 12 20 61 61
0365_0030_0010_0044_0044.jpg 1 30 10 44 44
0366_0016_0011_0063_0063.jpg 1 16 11 63 63
0367_0009_0004_0058_0058.jpg 1 9 4 58 58
0368_0016_0048_0037_0037.jpg 1 16 48 37 37
0369_0018_0018_0063_0063.jpg 1 18 18 63 63
0370_0025_0015_0049_0049.jpg 1 25 15 49 49
0371_0055_0038_0032_0032.jpg 1 55 38 32 32
0372_0019_0006_0054_0054.jpg 1 19 6 54 54
0373_0017_0026_0058_0058.jpg 1 17 26 58 58
0374_0038_0039_0053_0053.jpg 1 38 39 53 53
0375_0018_0037_0049_0049.jpg 1 18 37 49 49
0376_0030_0060_0032_0032.jpg 1 30 60 32 32
0377_0038_0031_0052_0052.jpg 1 38 31 52 52
0378_0021_0036_0028_0028.jpg 1 21 36 28 28
0379_0050_0051_0027_0027.jpg 1 50 51 27 27
0380_0028_0029_0066_0066.jpg 1 28 29 66 66
0381_0017_0029_0053_0053.jpg 1 17 29 53 53
0382_0064_0011_0026_0026.jpg 1 64 11 26 26
0383_0029_0012_0064_0064.jpg 1 29 12 64 64
0384_0047_0025_0046_0046.jpg 1 47 25 46 46
0385_0044_0010_0048_0048.jpg 1 44 10 48 48
0386_0022_0021_0038_0038.jpg 1 22 21 38 38
0387_0051_0029_0038_0038.jpg 1 51 29 38 38
0388_0026_0043_0049_0049.jpg 1 26 43 49 49
0389_0026_0020_0062_0062.jpg 1 26 20 62 62
0390_0052_0017_0038_0038.jpg 1 52 17 38 38
0391_0020_0015_0056_0056.jpg 1 20 15 56 56
0392_0025_0031_0026_0026.jpg 1 25 31 26 26
0393_0014_0015_0037_0037.jpg 1 14 15 37 37
0394_0003_0013_0069_0069.jpg 1 3 13 69 69
0395_0032_0020_0040_0040.jpg 1 32 20 40 40
0396_0023_0027_0046_0046.jpg 1 23 27 46 46
0397_0007_0017_0036_0036.jpg 1 7 17 36 36
0398_0031_0030_0050_0050.jpg 1 31 30 50 50
0399_0006_0023_0051_0051.jpg 1 6 23 51 51
0400_0046_0030_0048_0048.jpg 1 46 30 48 48
0401_0030_0026_0060_0060.jpg 1 30 26 60 60
0402_0041_0033_0029_0029.jpg 1 41 33 29 29
0403_0014_0015_0063_0063.jpg 1 14 15 63 63
0404_0010_0012_0063_0063.jpg 1 10 12 63 63
0405_0016_0032_0049_0049.jpg 1 16 32 49 49
0406_0018_0034_0054_0054.jpg 1 18 34 54 54
0407_0027_0047_0042_0042.jpg 1 27 47 42 42
0408_0009_0037_0043_0043.jpg 1 9 37 43 43
0409_0008_0019_0046_0046.jpg 1 8 19 46 46
0410_0018_0016_0032_0032.jpg 1 18 16 32 32
0411_0032_0060_0031_0031.jpg 1 32 60 31 31
0412_0027_0014_0067_0067.jpg 1 27 14 67 67
0413_0006_0018_0047_0047.jpg 1 6 18 47 47
0414_0011_0041_0052_0052.jpg 1 11 41 52 52
0415_0021_0017_0059_0059.jpg 1 21 17 59 59
0416_0046_0019_0047_0047.jpg 1 46 19 47 47
0417_0036_0036_0057_0057.jpg 1 36 36 57 57
0418_0040_0061_0024_0024.jpg 1 40 61 24 24
0419_0009_0007_0067_0067.jpg 1 9 7 67 67
0420_0022_0016_0069_0069.jpg 1 22 16 69 69
0421_0012_0040_0051_0051.jpg 1 12 40 51 51
0422_0035_0011_0051_0051.jpg 1 35 11 51 51
0423_0041_0027_0051_0051.jpg 1 41 27 51 51
0424_0012_0024_0026_0026.jpg 1 12 24 26 26
0425_0056_0056_0026_0026.jpg 1 56 56 26 26
0426_0046_0037_0037_0037.jpg 1 46 37 37 37
0427_0038_0021_0027_0027.jpg 1 38 21 27 27
0428_0030_0012_0060_0060.jpg 1 30 12 60 60
0429_0015_0006_0037_0037.jpg 1 15 6 37 37
0430_0009_0062_0025_0025.jpg 1 9 62 25 25
0431_0023_0032_0063_0063.jpg 1 23 32 63 63
0432_0016_0022_0063_0063.jpg 1 16 22 63 63
0433_0024_0006_0056_0056.jpg 1 24 6 56 56
0434_0024_0027_0059_0059.jpg 1 24 27 59 59
0435_0012_0049_0026_0026.jpg 1 12 49 26 26
0436_0030_0018_0066_0066.jpg 1 30 18 66 66
0437_0006_0019_0062_0062.jpg 1 6 19 62 62
0438_0031_0033_0055_0055.jpg 1 31 33 55 55
0439_0058_0031_0029_0029.jpg 1 58 31 29 29
0440_0040_0039_0043_0043.jpg 1 40 39 43 43
0441_0031_0017_0030_0030.jpg 1 31 17 30 30
0442_0012_0057_0026_0026.jpg 1 12 57 26 26
0443_0058_0054_0032_0032.jpg 1 58 54 32 32
0444_0007_0044_0048_0048.jpg 1 7 44 48 48
0445_0020_0013_0069_0069.jpg 1 20 13 69 69
0446_0048_0028_0043_0043.jpg 1 48 28 43 43
0447_0056_0026_0033_0033.jpg 1 56 26 33 33
0448_0037_0011_0056_0056.jpg 1 37 11 56 56
0449_0040_0060_0025_0025.jpg 1 40 60 25 25
0450_0043_0049_0028_0028.jpg 1 43 49 28 28
0451_0032_0064_0024_0024.jpg 1 32 64 24 24
0452_0030_0009_0050_0050.jpg 1 30 9 50 50
0453_0015_0029_0047_0047.jpg 1 15 29 47 47
0454_0022_0032_0060_0060.jpg 1 22 32 60 60
0455_0021_0012_0064_0064.jpg 1 21 12 64 64
0456_0030_0024_0029_0029.jpg 1 30 24 29 29
0457_0038_0018_0045_0045.jpg 1 38 18 45 45
0458_0010_0005_0069_0069.jpg 1 10 5 69 69
0459_0018_0044_0032_0032.jpg 1 18 44 32 32
0460_0007_0020_0026_0026.jpg 1 7 20 26 26
0461_0029_0006_0043_0043.jpg 1 29 6 43 43
0462_0060_0020_0026_0026.jpg 1 60 20 26 26
0463_0042_0036_0039_0039.jpg 1 42 36 39 39
0464_0029_0034_0058_0058.jpg 1 29 34 58 58
0465_0032_0022_0039_0039.jpg 1 32 22 39 39
0466_0019_0005_0062_0062.jpg 1 19 5 62 62
0467_0039_0051_0032_0032.jpg 1 39 51 32 32
0468_0004_0023_0063_0063.jpg 1 4 23 63 63
0469_0026_0007_0062_0062.jpg 1 26 7 62 62
0470_0039_0050_0041_0041.jpg 1 39 50 41 41
0471_0022_0035_0037_0037.jpg 1 22 35 37 37
0472_0024_0013_0060_0060.jpg 1 24 13 60 60
0473_0030_0017_0030_0030.jpg 1 30 17 30 30
0474_0019_0029_0054_0054.jpg 1 19 29 54 54
0475_0007_0019_0050_0050.jpg 1 7 19 50 50
0476_0031_0025_0064_0064.jpg 1 31 25 64 64
0477_0028_0006_0046_0046.jpg 1 28 6 46 46
0478_0016_0029_0064_0064.jpg 1 16 29 64 64
0479_0040_0006_0053_0053.jpg 1 40 6 53 53
0480_0051_0015_0033_0033.jpg 1 51 15 33 33
0481_0018_0041_0032_0032.jpg 1 18 41 32 32
0482_0013_0029_0063_0063.jpg 1 13 29 63 63
0483_0042_0033_0042_0042.jpg 1 42 33 42 42
0484_0022_0054_0036_0036.jpg 1 22 54 36 36
0485_0034_0019_0032_0032.jpg 1 34 19 32 32
0486_0030_0011_0058_0058.jpg 1 30 11 58 58
0487_0003_0015_0066_0066.jpg 1 3 15 66 66
0488_0010_0025_0032_0032.jpg 1 10 25 32 32
0489_0047_0035_0045_0045.jpg 1 47 35 45 45
0490_0028_0004_0061_0061.jpg 1 28 4 61 61
0491_0052_0053_0032_0032.jpg 1 52 53 32 32
0492_0005_0036_0058_0058.jpg 1 5 36 58 58
0493_0027_0039_0024_0024.jpg 1 27 39 24 24
0494_0026_0025_0048_0048.jpg 1 26 25 48 48
0495_0018_0041_0047_0047.jpg 1 18 41 47 47
0496_0050_0031_0028_0028.jpg 1 50 31 28 28
0497_0046_0022_0040_0040.jpg 1 46 22 40 40
0498_0013_0018_0031_0031.jpg 1 13 18 31 31
0499_0014_0051_0028_0028.jpg 1 14 51 28 28
0500_0025_0008_0059_0059.jpg 1 25 8 59 59
0501_0008_0040_0039_0039.jpg 1 8 40 39 39
0502_0007_0014_0064_0064.jpg 1 7 14 64 64
0503_0016_0019_0048_0048.jpg 1 16 19 48 48
0504_0007_0005_0055_0055.jpg 1 7 5 55 55
0505_0040_0028_0038_0038.jpg 1 40 28 38 38
0506_0014_0024_0066_0066.jpg 1 14 24 66 66
0507_0039_0026_0052_0052.jpg 1 39 26 52 52
0508_0021_0017_0031_0031.jpg 1 21 17 31 31
0509_0033_0037_0055_0055.jpg 1 33 37 55 55
0510_0026_0062_0027_0027.jpg 1 26 62 27 27
0511_0012_0021_0045_0045.jpg 1 12 21 45 45
0512_0020_0004_0068_0068.jpg 1 20 4 68 68
0513_0013_0032_0059_0059.jpg 1 13 32 59 59
0514_0038_0047_0040_0040.jpg 1 38 47 40 40
0515_0045_0012_0042_0042.jpg 1 45 12 42 42
0516_0030_0028_0063_0063.jpg 1 30 28 63 63
0517_0024_0055_0031_0031.jpg 1 24 55 31 31
0518_0048_0021_0041_0041.jpg 1 48 21 41 41
0519_0042_0035_0041_0041.jpg 1 42 35 41 41
0520_0014_0024_0069_0069.jpg 1 14 24 69 69
0521_0024_0007_0055_0055.jpg 1 24 7 55 55
0522_0005_0010_0065_0065.jpg 1 5 10 65 65
0523_0018_0010_0061_0061.jpg 1 18 10 61 61
0524_0012_0006_0054_0054.jpg 1 12 6 54 54
0525_0016_0024_0066_0066.jpg 1 16 24 66 66
0526_0026_0025_0055_0055.jpg 1 26 25 55 55
0527_0042_0024_0045_0045.jpg 1 42 24 45 45
0528_0021_0008_0047_0047.jpg 1 21 8 47 47
0529_0004_0008_0056_0056.jpg 1 4 8 56 56
0530_0020_0013_0063_0063.jpg 1 20 13 63 63
0531_0034_0017_0049_0049.jpg 1 34 17 49 49
0532_0040_0044_0050_0050.jpg 1 40 44 50 50
0533_0029_0027_0044_0044.jpg 1 29 27 44 44
0534_0038_0021_0047_0047.jpg 1 38 21 47 47
0535_0006_0018_0055_0055.jpg 1 6 18 55 55
0536_0026_0030_0062_0062.jpg 1 26 30 62 62
0537_0023_0035_0055_0055.jpg 1 23 35 55 55
0538_0033_0058_0032_0032.jpg 1 33 58 32 32
0539_0025_0039_0056_0056.jpg 1 25 39 56 56
0540_0005_0004_0052_0052.jpg 1 5 4 52 52
0541_0009_0005_0068_0068.jpg 1 9 5 68 68
0542_0045_0044_0035_0035.jpg 1 45 44 35 35
0543_0030_0012_0063_0063.jpg 1 30 12 63 63
0544_0027_0048_0043_0043.jpg 1 27 48 43 43
0545_0030_0057_0024_0024.jpg 1 30 57 24 24
0546_0059_0032_0034_0034.jpg 1 59 32 34 34
0547_0026_0018_0066_0066.jpg 1 26 18 66 66
0548_0032_0042_0028_0028.jpg 1 32 42 28 28
0549_0019_0037_0042_0042.jpg 1 19 37 42 42
0550_0026_0025_0053_0053.jpg 1 26 25 53 53
0551_0028_0029_0055_0055.jpg 1 28 29 55 55
0552_0011_0026_0051_0051.jpg 1 11 26 51 51
0553_0014_0014_0068_0068.jpg 1 14 14 68 68
0554_0026_0014_0066_0066.jpg 1 26 14 66 66
0555_0017_0024_0058_0058.jpg 1 17 24 58 58
0556_0044_0017_0043_0043.jpg 1 44 17 43 43
0557_0042_0009_0040_0040.jpg 1 42 9 40 40
0558_0025_0035_0042_0042.jpg 1 25 35 42 42
0559_0031_0025_0042_0042.jpg 1 31 25 42 42
0560_0037_0015_0033_0033.jpg 1 37 15 33 33
0561_0044_0064_0025_0025.jpg 1 44 64 25 25
0562_0011_0019_0064_0064.jpg 1 11 19 64 64
0563_0021_0016_0030_0030.jpg 1 21 16 30 30
0564_0018_0049_0044_0044.jpg 1 18 49 44 44
0565_0051_0056_0034_0034.jpg 1 51 56 34 34
0566_0042_0016_0048_0048.jpg 1 42 16 48 48
0567_0010_0016_0044_0044.jpg 1 10 16 44 44
0568_0020_0021_0043_0043.jpg 1 20 21 43 43
0569_0011_0015_0067_0067.jpg 1 11 15 67 67
0570_0016_0030_0039_0039.jpg 1 16 30 39 39
0571_0047_0036_0045_0045.jpg 1 47 36 45 45
0572_0022_0016_0027_0027.jpg 1 22 16 27 27
0573_0020_0040_0028_0028.jpg 1 20 40 28 28
0574_0030_0006_0065_0065.jpg 1 30 6 65 65
0575_0008_0016_0040_0040.jpg 1 8 16 40 40
0576_0036_0026_0038_0038.jpg 1 36 26 38 38
0577_0034_0029_0051_0051.jpg 1 34 29 51 51
0578_0018_0025_0060_0060.jpg 1 18 25 60 60
0579_0044_0031_0026_0026.jpg 1 44 31 26 26
0580_0049_0014_0038_0038.jpg 1 49 14 38 38
0581_0010_0039_0050_0050.jpg 1 10 39 50 50
0582_0007_0032_0034_0034.jpg 1 7 32 34 34
0583_0037_0028_0034_0034.jpg 1 37 28 34 34
0584_0048_0041_0025_0025.jpg 1 48 41 25 25
0585_0052_0052_0041_0041.jpg 1 52 52 41 41
0586_0011_0054_0027_0027.jpg 1 11 54 27 27
0587_0019_0015_0061_0061.jpg 1 19 15 61 61
0588_0011_0022_0067_0067.jpg 1 11 22 67 67
0589_0010_0039_0045_0045.jpg 1 10 39 45 45
0590_0041_0056_0029_0029.jpg 1 41 56 29 29
0591_0037_0033_0056_0056.jpg 1 37 33 56 56
0592_0012_0025_0059_0059.jpg 1 12 25 59 59
0593_0024_0031_0063_0063.jpg 1 24 31 63 63
0594_0025_0046_0032_0032.jpg 1 25 46 32 32
0595_0036_0040_0046_0046.jpg 1 36 40 46 46
0596_0021_0040_0053_0053.jpg 1 21 40 53 53
0597_0031_0007_0054_0054.jpg 1 31 7 54 54
0598_0021_0009_0059_0059.jpg 1 21 9 59 59
0599_0035_0036_0038_0038.jpg 1 35 36 38 38
0600_0021_0039_0051_0051.jpg 1 21 39 51 51
0601_0040_0014_0053_0053.jpg 1 40 14 53 53
0602_0027_0040_0051_0051.jpg 1 27 40 51 51
0603_0050_0040_0026_0026.jpg 1 50 40 26 26
0604_0017_0009_0051_0051.jpg 1 17 9 51 51
0605_0024_0027_0038_0038.jpg 1 24 27 38 38
0606_0051_0008_0025_0025.jpg 1 51 8 25 25
0607_0024_0014_0065_0065.jpg 1 24 14 65 65
0608_0024_0013_0056_0056.jpg 1 24 13 56 56
0609_0003_0031_0064_0064.jpg 1 3 31 64 64
0610_0006_0034_0051_0051.jpg 1 6 34 51 51
0611_0039_0042_0035_0035.jpg 1 39 42 35 35
0612_0038_0020_0029_0029.jpg 1 38 20 29 29
0613_0017_0030_0057_0057.jpg 1 17 30 57 57
0614_0057_0058_0032_0032.jpg 1 57 58 32 32
0615_0016_0038_0029_0029.jpg 1 16 38 29 29
0616_0005_0018_0065_0065.jpg 1 5 18 65 65
0617_0007_0023_0042_0042.jpg 1 7 23 42 42
0618_0046_0022_0044_0044.jpg 1 46 22 44 44
0619_0016_0033_0027_0027.jpg 1 16 33 27 27
0620_0028_0028_0046_0046.jpg 1 28 28 46 46
0621_0026_0010_0039_0039.jpg 1 26 10 39 39
0622_0017_0043_0048_0048.jpg 1 17 43 48 48
0623_0018_0008_0068_0068.jpg 1 18 8 68 68
0624_0038_0015_0038_0038.jpg 1 38 15 38 38
0625_0048_0022_0031_0031.jpg 1 48 22 31 31
0626_0029_0031_0038_0038.jpg 1 29 31 38 38
0627_0057_0034_0031_0031.jpg 1 57 34 31 31
0628_0037_0007_0032_0032.jpg 1 37 7 32 32
0629_0011_0019_0034_0034.jpg 1 11 19 34 34
0630_0036_0020_0035_0035.jpg 1 36 20 35 35
0631_0015_0038_0053_0053.jpg 1 15 38 53 53
0632_0038_0006_0034_0034.jpg 1 38 6 34 34
0633_0011_0042_0041_0041.jpg 1 11 42 41 41
0634_0050_0053_0024_0024.jpg 1 50 53 24 24
0635_0019_0027_0031_0031.jpg 1 19 27 31 31
0636_0020_0043_0024_0024.jpg 1 20 43 24 24
0637_0039_0022_0032_0032.jpg 1 39 22 32 32
0638_0028_0009_0028_0028.jpg 1 28 9 28 28
0639_0050_0007_0030_0030.jpg 1 50 7 30 30
0640_0010_0031_0060_0060.jpg 1 10 31 60 60
0641_0004_0020_0065_0065.jpg 1 4 20 65 65
0642_0012_0036_0024_0024.jpg 1 12 36 24 24
0643_0042_0027_0031_0031.jpg 1 42 27 31 31
0644_0012_0015_0057_0057.jpg 1 12 15 57 57
0645_0033_0049_0042_0042.jpg 1 33 49 42 42
0646_0011_0016_0062_0062.jpg 1 11 16 62 62
0647_0026_0007_0061_0061.jpg 1 26 7 61 61
0648_0020_0007_0066_0066.jpg 1 20 7 66 66
0649_0009_0039_0052_0052.jpg 1 9 39 52 52
0650_0060_0041_0030_0030.jpg 1 60 41 30 30
0651_0034_0017_0034_0034.jpg 1 34 17 34 34
0652_0032_0011_0050_0050.jpg 1 32 11 50 50
0653_0016_0011_0037_0037.jpg 1 16 11 37 37
0654_0047_0053_0031_0031.jpg 1 47 53 31 31
0655_0009_0042_0051_0051.jpg 1 9 42 51 51
0656_0009_0024_0066_0066.jpg 1 9 24 66 66
0657_0030_0039_0038_0038.jpg 1 30 39 38 38
0658_0041_0045_0026_0026.jpg 1 41 45 26 26
0659_0049_0042_0039_0039.jpg 1 49 42 39 39
0660_0050_0018_0043_0043.jpg 1 50 18 43 43
0661_0062_0010_0025_0025.jpg 1 62 10 25 25
0662_0028_0033_0048_0048.jpg 1 28 33 48 48
0663_0004_0032_0063_0063.jpg 1 4 32 63 63
0664_0039_0019_0024_0024.jpg 1 39 19 24 24
0665_0040_0009_0039_0039.jpg 1 40 9 39 39
0666_0047_0032_0042_0042.jpg 1 47 32 42 42
0667_0020_0051_0033_0033.jpg 1 20 51 33 33
0668_0025_0012_0035_0035.jpg 1 25 12 35 35
0669_0032_0039_0051_0051.jpg 1 32 39 51 51
0670_0009_0007_0035_0035.jpg 1 9 7 35 35
0671_0035_0005_0057_0057.jpg 1 35 5 57 57
0672_0017_0039_0028_0028.jpg 1 17 39 28 28
0673_0014_0016_0056_0056.jpg 1 14 16 56 56
0674_0058_0056_0025_0025.jpg 1 58 56 25 25
0675_0037_0021_0050_0050.jpg 1 37 21 50 50
0676_0039_0011_0044_0044.jpg 1 39 11 44 44
0677_0015_0060_0025_0025.jpg 1 15 60 25 25
0678_0026_0011_0065_0065.jpg 1 26 11 65 65
0679_0018_0052_0034_0034.jpg 1 18 52 34 34
0680_0054_0038_0037_0037.jpg 1 54 38 37 37
0681_0028_0043_0048_0048.jpg 1 28 43 48 48
0682_0011_0027_0057_0057.jpg 1 11 27 57 57
0683_0036_0039_0037_0037.jpg 1 36 39 37 37
0684_0014_0029_0066_0066.jpg 1 14 29 66 66
0685_0045_0007_0040_0040.jpg 1 45 7 40 40
0686_0024_0013_0055_0055.jpg 1 24 13 55 55
0687_0010_0043_0038_0038.jpg 1 10 43 38 38
0688_0038_0050_0025_0025.jpg 1 38 50 25 25
0689_0031_0050_0030_0030.jpg 1 31 50 30 30
0690_0041_0020_0039_0039.jpg 1 41 20 39 39
0691_0011_0043_0043_0043.jpg 1 11 43 43 43
0692_0006_0010_0053_0053.jpg 1 6 10 53 53
0693_0022_0014_0045_0045.jpg 1 22 14 45 45
0694_0028_0040_0055_0055.jpg 1 28 40 55 55
0695_0032_0014_0031_0031.jpg 1 32 14 31 31
0696_0013_0034_0061_0061.jpg 1 13 34 61 61
0697_0006_0022_0039_0039.jpg 1 6 22 39 39
0698_0014_0008_0040_0040.jpg 1 14 8 40 40
0699_0008_0017_0062_0062.jpg 1 8 17 62 62
0700_0018_0010_0057_0057.jpg 1 18 10 57 57
0701_0024_0007_0056_0056.jpg 1 24 7 56 56
0702_0007_0014_0067_0067.jpg 1 7 14 67 67
0703_0006_0048_0044_0044.jpg 1 6 48 44 44
0704_0025_0028_0061_0061.jpg 1 25 28 61 61
0705_0025_0013_0045_0045.jpg 1 25 13 45 45
0706_0055_0023_0030_0030.jpg 1 55 23 30 30
0707_0040_0014_0049_0049.jpg 1 40 14 49 49
0708_0009_0052_0024_0024.jpg 1 9 52 24 24
0709_0018_0009_0042_0042.jpg 1 18 9 42 42
0710_0033_0012_0058_0058.jpg 1 33 12 58 58
0711_0020_0049_0034_0034.jpg 1 20 49 34 34
0712_0029_0009_0064_0064.jpg 1 29 9 64 64
0713_0020_0041_0050_0050.jpg 1 20 41 50 50
0714_0011_0017_0046_0046.jpg 1 11 17 46 46
0715_0007_0040_0045_0045.jpg 1 7 40 45 45
0716_0035_0045_0040_0040.jpg 1 35 45 40 40
0717_0024_0044_0030_0030.jpg 1 24 44 30 30
0718_0008_0013_0064_0064.jpg 1 8 13 64 64
0719_0027_0023_0066_0066.jpg 1 27 23 66 66
0720_0055_0054_0028_0028.jpg 1 55 54 28 28
0721_0023_0023_0024_0024.jpg 1 23 23 24 24
0722_0018_0044_0047_0047.jpg 1 18 44 47 47
0723_0008_0015_0066_0066.jpg 1 8 15 66 66
0724_0022_0019_0057_0057.jpg 1 22 19 57 57
0725_0009_0014_0050_0050.jpg 1 9 14 50 50
0726_0038_0011_0049_0049.jpg 1 38 11 49 49
0727_0028_0007_0036_0036.jpg 1 28 7 36 36
0728_0043_0044_0040_0040.jpg 1 43 44 40 40
0729_0042_0005_0051_0051.jpg 1 42 5 51 51
0730_0026_0052_0024_0024.jpg 1 26 52 24 24
0731_0007_0010_0045_0045.jpg 1 7 10 45 45
0732_0005_0016_0051_0051.jpg 1 5 16 51 51
0733_0038_0026_0053_0053.jpg 1 38 26 53 53
0734_0032_0012_0055_0055.jpg 1 32 12 55 55
0735_0011_0038_0051_0051.jpg 1 11 38 51 51
0736_0030_0020_0044_0044.jpg 1 30 20 44 44
0737_0031_0040_0040_0040.jpg 1 31 40 40 40
0738_0028_0040_0031_0031.jpg 1 28 40 31 31
0739_0020_0032_0034_0034.jpg 1 20 32 34 34
0740_0032_0038_0046_0046.jpg 1 32 38 46 46
0741_0031_0037_0040_0040.jpg 1 31 37 40 40
0742_0009_0007_0040_0040.jpg 1 9 7 40 40
0743_0005_0035_0050_0050.jpg 1 5 35 50 50
0744_0013_0009_0068_0068.jpg 1 13 9 68 68
0745_0015_0022_0059_0059.jpg 1 15 22 59 59
0746_0026_0031_0031_0031.jpg 1 26 31 31 31
0747_0037_0009_0051_0051.jpg 1 37 9 51 51
0748_0014_0003_0065_0065.jpg 1 14 3 65 65
0749_0018_0020_0065_0065.jpg 1 18 20 65 65
0750_0021_0006_0055_0055.jpg 1 21 6 55 55
0751_0030_0041_0049_0049.jpg 1 30 41 49 49
0752_0008_0009_0061_0061.jpg 1 8 9 61 61
0753_0026_0010_0058_0058.jpg 1 26 10 58 58
0754_0053_0054_0027_0027.jpg 1 53 54 27 27
0755_0052_0047_0038_0038.jpg 1 52 47 38 38
0756_0032_0014_0028_0028.jpg 1 32 14 28 28
0757_0024_0013_0065_0065.jpg 1 24 13 65 65
0758_0044_0050_0032_0032.jpg 1 44 50 32 32
0759_0020_0026_0024_0024.jpg 1 20 26 24 24
0760_0007_0032_0045_0045.jpg 1 7 32 45 45
0761_0025_0027_0031_0031.jpg 1 25 27 31 31
0762_0030_0015_0060_0060.jpg 1 30 15 60 60
0763_0014_0025_0034_0034.jpg 1 14 25 34 34
0764_0005_0004_0069_0069.jpg 1 5 4 69 69
0765_0004_0009_0063_0063.jpg 1 4 9 63 63
0766_0006_0025_0054_0054.jpg 1 6 25 54 54
0767_0018_0020_0040_0040.jpg 1 18 20 40 40
0768_0022_0028_0056_0056.jpg 1 22 28 56 56
0769_0031_0011_0064_0064.jpg 1 31 11 64 64
0770_0008_0041_0050_0050.jpg 1 8 41 50 50
0771_0030_0004_0066_0066.jpg 1 30 4 66 66
0772_0035_0035_0027_0027.jpg 1 35 35 27 27
0773_0011_0007_0066_0066.jpg 1 11 7 66 66
0774_0035_0053_0024_0024.jpg 1 35 53 24 24
0775_0011_0027_0054_0054.jpg 1 11 27 54 54
0776_0025_0013_0056_0056.jpg 1 25 13 56 56
0777_0028_0063_0029_0029.jpg 1 28 63 29 29
0778_0036_0054_0025_0025.jpg 1 36 54 25 25
0779_0034_0026_0028_0028.jpg 1 34 26 28 28
0780_0033_0015_0058_0058.jpg 1 33 15 58 58
0781_0039_0016_0044_0044.jpg 1 39 16 44 44
0782_0022_0042_0033_0033.jpg 1 22 42 33 33
0783_0010_0007_0049_0049.jpg 1 10 7 49 49
0784_0005_0009_0059_0059.jpg 1 5 9 59 59
0785_0036_0058_0029_0029.jpg 1 36 58 29 29
0786_0025_0046_0039_0039.jpg 1 25 46 39 39
0787_0021_0025_0067_0067.jpg 1 21 25 67 67
0788_0041_0030_0048_0048.jpg 1 41 30 48 48
0789_0050_0019_0029_0029.jpg 1 50 19 29 29
0790_0057_0059_0029_0029.jpg 1 57 59 29 29
0791_0007_0050_0030_0030.jpg 1 7 50 30 30
0792_0039_0015_0048_0048.jpg 1 39 15 48 48
0793_0048_0010_0042_0042.jpg 1 48 10 42 42
0794_0019_0012_0067_0067.jpg 1 19 12 67 67
0795_0018_0030_0061_0061.jpg 1 18 30 61 61
0796_0017_0009_0046_0046.jpg 1 17 9 46 46
0797_0018_0021_0039_0039.jpg 1 18 21 39 39
0798_0024_0011_0026_0026.jpg 1 24 11 26 26
0799_0044_0019_0051_0051.jpg 1 44 19 51 51
0800_0025_0010_0051_0051.jpg 1 25 10 51 51
0801_0015_0029_0053_0053.jpg 1 15 29 53 53
0802_0028_0032_0060_0060.jpg 1 28 32 60 60
0803_0004_0019_0051_0051.jpg 1 4 19 51 51
0804_0016_0003_0062_0062.jpg 1 16 3 62 62
0805_0024_0014_0065_0065.jpg 1 24 14 65 65
0806_0021_0008_0061_0061.jpg 1 21 8 61 61
0807_0026_0040_0027_0027.jpg 1 26 40 27 27
0808_0003_0007_0068_0068.jpg 1 3 7 68 68
0809_0015_0019_0041_0041.jpg 1 15 19 41 41
0810_0025_0036_0030_0030.jpg 1 25 36 30 30
0811_0009_0029_0056_0056.jpg 1 9 29 56 56
0812_0034_0005_0043_0043.jpg 1 34 5 43 43
0813_0013_0009_0064_0064.jpg 1 13 9 64 64
0814_0050_0022_0033_0033.jpg 1 50 22 33 33
0815_0036_0050_0043_0043.jpg 1 36 50 43 43
0816_0025_0066_0025_0025.jpg 1 25 66 25 25
0817_0016_0007_0054_0054.jpg 1 16 7 54 54
0818_0013_0033_0061_0061.jpg 1 13 33 61 61
0819_0055_0051_0030_0030.jpg 1 55 51 30 30
0820_0031_0043_0038_0038.jpg 1 31 43 38 38
0821_0026_0043_0040_0040.jpg 1 26 43 40 40
0822_0029_0054_0034_0034.jpg 1 29 54 34 34
0823_0009_0032_0055_0055.jpg 1 9 32 55 55
0824_0004_0030_0054_0054.jpg 1 4 30 54 54
0825_0010_0021_0063_0063.jpg 1 10 21 63 63
0826_0019_0038_0025_0025.jpg 1 19 38 25 25
0827_0029_0038_0051_0051.jpg 1 29 38 51 51
0828_0035_0012_0056_0056.jpg 1 35 12 56 56
0829_0026_0026_0067_0067.jpg 1 26 26 67 67
0830_0017_0017_0068_0068.jpg 1 17 17 68 68
0831_0016_0042_0044_0044.jpg 1 16 42 44 44
0832_0011_0023_0069_0069.jpg 1 11 23 69 69
0833_0023_0014_0068_0068.jpg 1 23 14 68 68
0834_0040_0056_0025_0025.jpg 1 40 56 25 25
0835_0025_0014_0024_0024.jpg 1 25 14 24 24
0836_0012_0039_0036_0036.jpg 1 12 39 36 36
0837_0026_0047_0029_0029.jpg 1 26 47 29 29
0838_0022_0011_0057_0057.jpg 1 22 11 57 57
0839_0044_0020_0050_0050.jpg 1 44 20 50 50
0840_0026_0023_0063_0063.jpg 1 26 23 63 63
0841_0029_0024_0054_0054.jpg 1 29 24 54 54
0842_0017_0037_0041_0041.jpg 1 17 37 41 41
0843_0013_0030_0057_0057.jpg 1 13 30 57 57
0844_0053_0020_0033_0033.jpg 1 53 20 33 33
0845_0031_0034_0056_0056.jpg 1 31 34 56 56
0846_0010_0014_0035_0035.jpg 1 10 14 35 35
0847_0022_0019_0041_0041.jpg 1 22 19 41 41
0848_0015_0047_0042_0042.jpg 1 15 47 42 42
0849_0037_0009_0033_0033.jpg 1 37 9 33 33
0850_0025_0010_0054_0054.jpg 1 25 10 54 54
0851_0025_0032_0053_0053.jpg 1 25 32 53 53
0852_0037_0040_0050_0050.jpg 1 37 40 50 50
0853_0062_0060_0026_0026.jpg 1 62 60 26 26
0854_0038_0012_0042_0042.jpg 1 38 12 42 42
0855_0011_0015_0065_0065.jpg 1 11 15 65 65
0856_0038_0039_0054_0054.jpg 1 38 39 54 54
0857_0050_0016_0032_0032.jpg 1 50 16 32 32
0858_0043_0010_0048_0048.jpg 1 43 10 48 48
0859_0020_0047_0043_0043.jpg 1 20 47 43 43
0860_0046_0057_0034_0034.jpg 1 46 57 34 34
0861_0044_0042_0048_0048.jpg 1 44 42 48 48
0862_0053_0032_0040_0040.jpg 1 53 32 40 40
0863_0044_0009_0025_0025.jpg 1 44 9 25 25
0864_0034_0026_0061_0061.jpg 1 34 26 61 61
0865_0052_0024_0039_0039.jpg 1 52 24 39 39
0866_0016_0010_0066_0066.jpg 1 16 10 66 66
0867_0048_0020_0038_0038.jpg 1 48 20 38 38
0868_0013_0006_0048_0048.jpg 1 13 6 48 48
0869_0042_0011_0048_0048.jpg 1 42 11 48 48
0870_0030_0025_0050_0050.jpg 1 30 25 50 50
0871_0027_0033_0059_0059.jpg 1 27 33 59 59
0872_0027_0014_0033_0033.jpg 1 27 14 33 33
0873_0046_0045_0041_0041.jpg 1 46 45 41 41
0874_0016_0028_0053_0053.jpg 1 16 28 53 53
0875_0021_0018_0058_0058.jpg 1 21 18 58 58
0876_0041_0030_0040_0040.jpg 1 41 30 40 40
0877_0011_0035_0054_0054.jpg 1 11 35 54 54
0878_0026_0003_0068_0068.jpg 1 26 3 68 68
0879_0054_0023_0028_0028.jpg 1 54 23 28 28
0880_0012_0032_0054_0054.jpg 1 12 32 54 54
0881_0020_0013_0048_0048.jpg 1 20 13 48 48
0882_0014_0029_0040_0040.jpg 1 14 29 40 40
0883_0028_0022_0025_0025.jpg 1 28 22 25 25
0884_0056_0019_0032_0032.jpg 1 56 19 32 32
0885_0031_0029_0040_0040.jpg 1 31 29 40 40
0886_0036_0009_0039_0039.jpg 1 36 9 39 39
0887_0016_0050_0035_0035.jpg 1 16 50 35 35
0888_0012_0031_0063_0063.jpg 1 12 31 63 63
0889_0021_0006_0055_0055.jpg 1 21 6 55 55
0890_0037_0025_0033_0033.jpg 1 37 25 33 33
0891_0026_0017_0039_0039.jpg 1 26 17 39 39
0892_0037_0030_0047_0047.jpg 1 37 30 47 47
0893_0057_0063_0027_0027.jpg 1 57 63 27 27
0894_0030_0014_0061_0061.jpg 1 30 14 61 61
0895_0023_0030_0049_0049.jpg 1 23 30 49 49
0896_0038_0015_0039_0039.jpg 1 38 15 39 39
0897_0030_0028_0049_0049.jpg 1 30 28 49 49
0898_0034_0005_0050_0050.jpg 1 34 5 50 50
0899_0022_0021_0065_0065.jpg 1 22 21 65 65
0900_0019_0030_0063_0063.jpg 1 19 30 63 63
0901_0011_0040_0054_0054.jpg 1 11 40 54 54
0902_0048_0026_0044_0044.jpg 1 48 26 44 44
0903_0046_0060_0027_0027.jpg 1 46 60 27 27
0904_0031_0005_0059_0059.jpg 1 31 5 59 59
0905_0019_0009_0025_0025.jpg 1 19 9 25 25
0906_0027_0005_0062_0062.jpg 1 27 5 62 62
0907_0034_0030_0049_0049.jpg 1 34 30 49 49
0908_0013_0026_0060_0060.jpg 1 13 26 60 60
0909_0023_0009_0065_0065.jpg 1 23 9 65 65
0910_0009_0011_0033_0033.jpg 1 9 11 33 33
0911_0032_0038_0045_0045.jpg 1 32 38 45 45
0912_0024_0050_0038_0038.jpg 1 24 50 38 38
0913_0010_0038_0043_0043.jpg 1 10 38 43 43
0914_0026_0035_0046_0046.jpg 1 26 35 46 46
0915_0005_0026_0065_0065.jpg 1 5 26 65 65
0916_0023_0004_0060_0060.jpg 1 23 4 60 60
0917_0032_0046_0042_0042.jpg 1 32 46 42 42
0918_0022_0020_0061_0061.jpg 1 22 20 61 61
0919_0034_0008_0030_0030.jpg 1 34 8 30 30
0920_0005_0039_0050_0050.jpg 1 5 39 50 50
0921_0021_0039_0046_0046.jpg 1 21 39 46 46
0922_0057_0027_0035_0035.jpg 1 57 27 35 35
0923_0033_0049_0040_0040.jpg 1 33 49 40 40
0924_0007_0016_0059_0059.jpg 1 7 16 59 59
0925_0036_0017_0045_0045.jpg 1 36 17 45 45
0926_0043_0044_0049_0049.jpg 1 43 44 49 49
0927_0021_0007_0050_0050.jpg 1 21 7 50 50
0928_0035_0010_0060_0060.jpg 1 35 10 60 60
0929_0025_0040_0050_0050.jpg 1 25 40 50 50
0930_0042_0030_0030_0030.jpg 1 42 30 30 30
0931_0037_0061_0027_0027.jpg 1 37 61 27 27
0932_0032_0025_0064_0064.jpg 1 32 25 64 64
0933_0033_0010_0027_0027.jpg 1 33 10 27 27
0934_0046_0033_0046_0046.jpg 1 46 33 46 46
0935_0024_0027_0044_0044.jpg 1 24 27 44 44
0936_0015_0007_0051_0051.jpg 1 15 7 51 51
0937_0008_0060_0024_0024.jpg 1 8 60 24 24
0938_0033_0031_0060_0060.jpg 1 33 31 60 60
0939_0026_0036_0054_0054.jpg 1 26 36 54 54
0940_0012_0023_0061_0061.jpg 1 12 23 61 61
0941_0004_0026_0069_0069.jpg 1 4 26 69 69
0942_0008_0007_0037_0037.jpg 1 8 7 37 37
0943_0032_0036_0039_0039.jpg 1 32 36 39 39
0944_0010_0027_0045_0045.jpg 1 10 27 45 45
0945_0012_0022_0039_0039.jpg 1 12 22 39 39
0946_0031_0057_0024_0024.jpg 1 31 57 24 24
0947_0009_0030_0050_0050.jpg 1 9 30 50 50
0948_0010_0052_0032_0032.jpg 1 10 52 32 32
0949_0047_0011_0033_0033.jpg 1 47 11 33 33
0950_0014_0040_0034_0034.jpg 1 14 40 34 34
0951_0006_0043_0043_0043.jpg 1 6 43 43 43
0952_0039_0007_0038_0038.jpg 1 39 7 38 38
0953_0018_0011_0029_0029.jpg 1 18 11 29 29
0954_0028_0035_0050_0050.jpg 1 28 35 50 50
0955_0009_0044_0046_0046.jpg 1 9 44 46 46
0956_0019_0027_0043_0043.jpg 1 19 27 43 43
0957_0020_0005_0067_0067.jpg 1 20 5 67 67
0958_0010_0011_0064_0064.jpg 1 10 11 64 64
0959_0011_0022_0055_0055.jpg 1 11 22 55 55
0960_0011_0018_0063_0063.jpg 1 11 18 63 63
0961_0034_0007_0060_0060.jpg 1 34 7 60 60
0962_0027_0006_0055_0055.jpg 1 27 6 55 55
0963_0008_0024_0037_0037.jpg 1 8 24 37 37
0964_0038_0039_0038_0038.jpg 1 38 39 38 38
0965_0023_0017_0044_0044.jpg 1 23 17 44 44
0966_0016_0034_0026_0026.jpg 1 16 34 26 26
0967_0057_0045_0030_0030.jpg 1 57 45 30 30
0968_0033_0029_0050_0050.jpg 1 33 29 50 50
0969_0006_0020_0045_0045.jpg 1 6 20 45 45
0970_0024_0005_0066_0066.jpg 1 24 5 66 66
0971_0021_0044_0047_0047.jpg 1 21 44 47 47
0972_0019_0019_0069_0069.jpg 1 19 19 69 69
0973_0036_0039_0035_0035.jpg 1 36 39 35 35
0974_0013_0016_0057_0057.jpg 1 13 16 57 57
0975_0039_0025_0046_0046.jpg 1 39 25 46 46
0976_0025_0025_0027_0027.jpg 1 25 25 27 27
0977_0020_0005_0067_0067.jpg 1 20 5 67 67
0978_0016_0023_0030_0030.jpg 1 16 23 30 30
0979_0023_0008_0058_0058.jpg 1 23 8 58 58
0980_0026_0031_0044_0044.jpg 1 26 31 44 44
0981_0012_0029_0063_0063.jpg 1 12 29 63 63
0982_0043_0032_0049_0049.jpg 1 43 32 49 49
0983_0008_0047_0047_0047.jpg 1 8 47 47 47
0984_0044_0025_0041_0041.jpg 1 44 25 41 41
0985_0044_0063_0024_0024.jpg 1 44 63 24 24
0986_0017_0045_0034_0034.jpg 1 17 45 34 34
0987_0019_0022_0063_0063.jpg 1 19 22 63 63
0988_0048_0017_0037_0037.jpg 1 48 17 37 37
0989_0008_0008_0037_0037.jpg 1 8 8 37 37
0990_0044_0008_0049_0049.jpg 1 44 8 49 49
0991_0031_0019_0058_0058.jpg 1 31 19 58 58
0992_0041_0035_0035_0035.jpg 1 41 35 35 35
0993_0052_0055_0037_0037.jpg 1 52 55 37 37
0994_0026_0036_0052_0052.jpg 1 26 36 52 52
0995_0037_0019_0056_0056.jpg 1 37 19 56 56
0996_0035_0021_0029_0029.jpg 1 35 21 29 29
0997_0028_0010_0033_0033.jpg 1 28 10 33 33
0998_0036_0018_0047_0047.jpg 1 36 18 47 47
0999_0063_0049_0025_0025.jpg 1 63 49 25 25
1000_0057_0015_0032_0032.jpg 1 57 15 32 32
1001_0034_0026_0036_0036.jpg 1 34 26 36 36
1002_0016_0034_0062_0062.jpg 1 16 34 62 62
1003_0037_0035_0054_0054.jpg 1 37 35 54 54
1004_0017_0047_0029_0029.jpg 1 17 47 29 29
1005_0040_0041_0051_0051.jpg 1 40 41 51 51
1006_0008_0031_0024_0024.jpg 1 8 31 24 24
1007_0044_0030_0029_0029.jpg 1 44 30 29 29
1008_0024_0048_0039_0039.jpg 1 24 48 39 39
1009_0036_0022_0024_0024.jpg 1 36 22 24 24
1010_0045_0047_0039_0039.jpg 1 45 47 39 39
1011_0040_0008_0042_0042.jpg 1 40 8 42 42
1012_0012_0027_0069_0069.jpg 1 12 27 69 69
1013_0019_0046_0046_0046.jpg 1 19 46 46 46
1014_0051_0051_0027_0027.jpg 1 51 51 27 27
1015_0022_0023_0069_0069.jpg 1 22 23 69 69
1016_0044_0022_0024_0024.jpg 1 44 22 24 24
1017_0006_0049_0043_0043.jpg 1 6 49 43 43
1018_0010_0027_0053_0053.jpg 1 10 27 53 53
1019_0037_0010_0055_0055.jpg 1 37 10 55 55
1020_0021_0056_0034_0034.jpg 1 21 56 34 34
1021_0015_0053_0035_0035.jpg 1 15 53 35 35
1022_0059_0031_0030_0030.jpg 1 59 31 30 30
1023_0040_0030_0046_0046.jpg 1 40 30 46 46
1024_0033_0011_0048_0048.jpg 1 33 11 48 48
1025_0063_0066_0026_0026.jpg 1 63 66 26 26
1026_0029_0010_0030_0030.jpg 1 29 10 30 30
1027_0038_0053_0026_0026.jpg 1 38 53 26 26
1028_0025_0040_0043_0043.jpg 1 25 40 43 43
1029_0027_0018_0064_0064.jpg 1 27 18 64 64
1030_0004_0010_0056_0056.jpg 1 4 10 56 56
1031_0044_0041_0035_0035.jpg 1 44 41 35 35
1032_0005_0009_0060_0060.jpg 1 5 9 60 60
1033_0014_0031_0049_0049.jpg 1 14 31 49 49
1034_0016_0012_0051_0051.jpg 1 16 12 51 51
1035_0019_0025_0059_0059.jpg 1 19 25 59 59
1036_0038_0026_0045_0045.jpg 1 38 26 45 45
1037_0050_0028_0035_0035.jpg 1 50 28 35 35
1038_0023_0035_0026_0026.jpg 1 23 35 26 26
1039_0015_0031_0048_0048.jpg 1 15 31 48 48
1040_0026_0025_0058_0058.jpg 1 26 25 58 58
1041_0015_0029_0045_0045.jpg 1 15 29 45 45
1042_0047_0055_0036_0036.jpg 1 47 55 36 36
1043_0015_0019_0066_0066.jpg 1 15 19 66 66
1044_0014_0012_0052_0052.jpg 1 14 12 52 52
1045_0029_0044_0033_0033.jpg 1 29 44 33 33
1046_0023_0035_0057_0057.jpg 1 23 35 57 57
1047_0025_0006_0069_0069.jpg 1 25 6 69 69
1048_0041_0032_0031_0031.jpg 1 41 32 31 31
1049_0017_0020_0061_0061.jpg 1 17 20 61 61
1050_0031_0038_0030_0030.jpg 1 31 38 30 30
1051_0052_0033_0029_0029.jpg 1 52 33 29 29
1052_0012_0003_0069_0069.jpg 1 12 3 69 69
1053_0043_0025_0050_0050.jpg 1 43 25 50 50
1054_0007_0022_0068_0068.jpg 1 7 22 68 68
1055_0025_0042_0026_0026.jpg 1 25 42 26 26
1056_0047_0019_0029_0029.jpg 1 47 19 29 29
1057_0038_0011_0053_0053.jpg 1 38 11 53 53
1058_0011_0016_0058_0058.jpg 1 11 16 58 58
1059_0005_0007_0061_0061.jpg 1 5 7 61 61
1060_0030_0027_0053_0053.jpg 1 30 27 53 53
1061_0026_0025_0033_0033.jpg 1 26 25 33 33
1062_0018_0024_0033_0033.jpg 1 18 24 33 33
1063_0010_0012_0060_0060.jpg 1 10 12 60 60
1064_0036_0037_0024_0024.jpg 1 36 37 24 24
1065_0009_0046_0025_0025.jpg 1 9 46 25 25
1066_0023_0011_0058_0058.jpg 1 23 11 58 58
1067_0025_0020_0060_0060.jpg 1 25 20 60 60
1068_0039_0035_0048_0048.jpg 1 39 35 48 48
1069_0019_0034_0043_0043.jpg 1 19 34 43 43
1070_0039_0051_0042_0042.jpg 1 39 51 42 42
1071_0006_0053_0034_0034.jpg 1 6 53 34 34
1072_0007_0023_0064_0064.jpg 1 7 23 64 64
1073_0037_0018_0030_0030.jpg 1 37 18 30 30
1074_0044_0030_0038_0038.jpg 1 44 30 38 38
1075_0039_0044_0046_0046.jpg 1 39 44 46 46
1076_0013_0056_0033_0033.jpg 1 13 56 33 33
1077_0042_0016_0027_0027.jpg 1 42 16 27 27
1078_0010_0016_0029_0029.jpg 1 10 16 29 29
1079_0003_0025_0068_0068.jpg 1 3 25 68 68
1080_0013_0017_0058_0058.jpg 1 13 17 58 58
1081_0022_0023_0052_0052.jpg 1 22 23 52 52
1082_0027_0005_0049_0049.jpg 1 27 5 49 49
1083_0045_0006_0042_0042.jpg 1 45 6 42 42
1084_0020_0066_0025_0025.jpg 1 20 66 25 25
1085_0015_0027_0055_0055.jpg 1 15 27 55 55
1086_0050_0014_0043_0043.jpg 1 50 14 43 43
1087_0019_0038_0048_0048.jpg 1 19 38 48 48
1088_0031_0006_0062_0062.jpg 1 31 6 62 62
1089_0007_0021_0044_0044.jpg 1 7 21 44 44
1090_0012_0034_0047_0047.jpg 1 12 34 47 47
1091_0052_0064_0026_0026.jpg 1 52 64 26 26
1092_0020_0005_0069_0069.jpg 1 20 5 69 69
1093_0047_0050_0035_0035.jpg 1 47 50 35 35
1094_0008_0043_0049_0049.jpg 1 8 43 49 49
1095_0023_0011_0055_0055.jpg 1 23 11 55 55
1096_0013_0039_0050_0050.jpg 1 13 39 50 50
1097_0016_0013_0032_0032.jpg 1 16 13 32 32
1098_0029_0006_0059_0059.jpg 1 29 6 59 59
1099_0015_0020_0047_0047.jpg 1 15 20 47 47
1100_0021_0015_0048_0048.jpg 1 21 15 48 48
1101_0023_0049_0041_0041.jpg 1 23 49 41 41
1102_0057_0007_0029_0029.jpg 1 57 7 29 29
1103_0007_0033_0042_0042.jpg 1 7 33 42 42
1104_0054_0016_0035_0035.jpg 1 54 16 35 35
1105_0004_0016_0061_0061.jpg 1 4 16 61 61
1106_0010_0008_0056_0056.jpg 1 10 8 56 56
1107_0035_0016_0030_0030.jpg 1 35 16 30 30
1108_0012_0020_0069_0069.jpg 1 12 20 69 69
1109_0027_0029_0054_0054.jpg 1 27 29 54 54
1110_0012_0051_0033_0033.jpg 1 12 51 33 33
1111_0007_0014_0059_0059.jpg 1 7 14 59 59
1112_0027_0010_0038_0038.jpg 1 27 10 38 38
1113_0015_0016_0065_0065.jpg 1 15 16 65 65
1114_0034_0039_0048_0048.jpg 1 34 39 48 48
1115_0006_0017_0062_0062.jpg 1 6 17 62 62
1116_0009_0030_0057_0057.jpg 1 9 30 57 57
1117_0006_0003_0068_0068.jpg 1 6 3 68 68
1118_0024_0038_0048_0048.jpg 1 24 38 48 48
1119_0006_0030_0045_0045.jpg 1 6 30 45 45
1120_0037_0038_0053_0053.jpg 1 37 38 53 53
1121_0033_0005_0059_0059.jpg 1 33 5 59 59
1122_0013_0003_0066_0066.jpg 1 13 3 66 66
1123_0020_0021_0051_0051.jpg 1 20 21 51 51
1124_0020_0008_0032_0032.jpg 1 20 8 32 32
1125_0016_0038_0036_0036.jpg 1 16 38 36 36
1126_0048_0037_0036_0036.jpg 1 48 37 36 36
1127_0019_0008_0044_0044.jpg 1 19 8 44 44
1128_0022_0016_0055_0055.jpg 1 22 16 55 55
1129_0024_0012_0059_0059.jpg 1 24 12 59 59
1130_0017_0028_0055_0055.jpg 1 17 28 55 55
1131_0019_0015_0060_0060.jpg 1 19 15 60 60
1132_0030_0048_0030_0030.jpg 1 30 48 30 30
1133_0019_0010_0053_0053.jpg 1 19 10 53 53
1134_0043_0040_0041_0041.jpg 1 43 40 41 41
1135_0035_0028_0054_0054.jpg 1 35 28 54 54
1136_0031_0018_0050_0050.jpg 1 31 18 50 50
1137_0014_0018_0053_0053.jpg 1 14 18 53 53
1138_0006_0006_0064_0064.jpg 1 6 6 64 64
1139_0038_0022_0025_0025.jpg 1 38 22 25 25
1140_0053_0026_0024_0024.jpg 1 53 26 24 24
1141_0020_0009_0061_0061.jpg 1 20 9 61 61
1142_0016_0033_0031_0031.jpg 1 16 33 31 31
1143_0034_0038_0028_0028.jpg 1 34 38 28 28
1144_0037_0012_0052_0052.jpg 1 37 12 52 52
1145_0016_0015_0065_0065.jpg 1 16 15 65 65
1146_0046_0041_0036_0036.jpg 1 46 41 36 36
1147_0013_0006_0046_0046.jpg 1 13 6 46 46
1148_0006_0027_0040_0040.jpg 1 6 27 40 40
1149_0057_0031_0035_0035.jpg 1 57 31 35 35
1150_0007_0010_0049_0049.jpg 1 7 10 49 49
1151_0057_0060_0028_0028.jpg 1 57 60 28 28
1152_0026_0028_0034_0034.jpg 1 26 28 34 34
1153_0042_0017_0044_0044.jpg 1 42 17 44 44
1154_0010_0043_0031_0031.jpg 1 10 43 31 31
1155_0016_0019_0068_0068.jpg 1 16 19 68 68
1156_0051_0021_0032_0032.jpg 1 51 21 32 32
1157_0047_0050_0036_0036.jpg 1 47 50 36 36
1158_0045_0013_0038_0038.jpg 1 45 13 38 38
1159_0044_0029_0034_0034.jpg 1 44 29 34 34
1160_0035_0060_0026_0026.jpg 1 35 60 26 26
1161_0011_0058_0025_0025.jpg 1 11 58 25 25
1162_0013_0034_0052_0052.jpg 1 13 34 52 52
1163_0024_0027_0065_0065.jpg 1 24 27 65 65
1164_0008_0026_0059_0059.jpg 1 8 26 59 59
1165_0011_0032_0053_0053.jpg 1 11 32 53 53
1166_0026_0041_0051_0051.jpg 1 26 41 51 51
1167_0046_0025_0038_0038.jpg 1 46 25 38 38
1168_0035_0010_0054_0054.jpg 1 35 10 54 54
1169_0030_0028_0057_0057.jpg 1 30 28 57 57
1170_0010_0014_0059_0059.jpg 1 10 14 59 59
1171_0006_0020_0066_0066.jpg 1 6 20 66 66
1172_0046_0030_0025_0025.jpg 1 46 30 25 25
1173_0004_0018_0066_0066.jpg 1 4 18 66 66
1174_0013_0023_0066_0066.jpg 1 13 23 66 66
1175_0024_0011_0032_0032.jpg 1 24 11 32 32
1176_0053_0024_0040_0040.jpg 1 53 24 40 40
1177_0004_0015_0055_0055.jpg 1 4 15 55 55
1178_0005_0011_0064_0064.jpg 1 5 11 64 64
1179_0005_0019_0052_0052.jpg 1 5 19 52 52
1180_0012_0031_0061_0061.jpg 1 12 31 61 61
1181_0017_0030_0063_0063.jpg 1 17 30 63 63
1182_0039_0055_0032_0032.jpg 1 39 55 32 32
1183_0040_0039_0039_0039.jpg 1 40 39 39 39
1184_0010_0018_0055_0055.jpg 1 10 18 55 55
1185_0044_0017_0025_0025.jpg 1 44 17 25 25
1186_0024_0048_0027_0027.jpg 1 24 48 27 27
1187_0061_0024_0025_0025.jpg 1 61 24 25 25
1188_0005_0022_0065_0065.jpg 1 5 22 65 65
1189_0024_0052_0039_0039.jpg 1 24 52 39 39
1190_0021_0050_0041_0041.jpg 1 21 50 41 41
1191_0033_0030_0028_0028.jpg 1 33 30 28 28
1192_0036_0019_0045_0045.jpg 1 36 19 45 45
1193_0027_0008_0042_0042.jpg 1 27 8 42 42
1194_0020_0023_0029_0029.jpg 1 20 23 29 29
1195_0044_0010_0036_0036.jpg 1 44 10 36 36
1196_0035_0025_0039_0039.jpg 1 35 25 39 39
1197_0026_0027_0067_0067.jpg 1 26 27 67 67
1198_0019_0016_0062_0062.jpg 1 19 16 62 62
1199_0027_0013_0059_0059.jpg 1 27 13 59 59
1200_0017_0012_0062_0062.jpg 1 17 12 62 62
1201_0030_0024_0024_0024.jpg 1 30 24 24 24
1202_0019_0017_0052_0052.jpg 1 19 17 52 52
1203_0022_0014_0068_0068.jpg 1 22 14 68 68
1204_0011_0030_0035_0035.jpg 1 11 30 35 35
1205_0010_0007_0061_0061.jpg 1 10 7 61 61
1206_0011_0006_0068_0068.jpg 1 11 6 68 68
1207_0047_0033_0024_0024.jpg 1 47 33 24 24
1208_0021_0016_0031_0031.jpg 1 21 16 31 31
1209_0048_0061_0028_0028.jpg 1 48 61 28 28
1210_0030_0008_0029_0029.jpg 1 30 8 29 29
1211_0006_0018_0066_0066.jpg 1 6 18 66 66
1212_0058_0034_0030_0030.jpg 1 58 34 30 30
1213_0026_0044_0042_0042.jpg 1 26 44 42 42
1214_0009_0010_0029_0029.jpg 1 9 10 29 29
1215_0055_0012_0030_0030.jpg 1 55 12 30 30
1216_0046_0011_0037_0037.jpg 1 46 11 37 37
1217_0032_0029_0059_0059.jpg 1 32 29 59 59
1218_0046_0033_0031_0031.jpg 1 46 33 31 31
1219_0041_0020_0048_0048.jpg 1 41 20 48 48
1220_0041_0009_0026_0026.jpg 1 41 9 26 26
1221_0017_0043_0046_0046.jpg 1 17 43 46 46
1222_0027_0031_0027_0027.jpg 1 27 31 27 27
1223_0034_0031_0043_0043.jpg 1 34 31 43 43
1224_0024_0016_0042_0042.jpg 1 24 16 42 42
1225_0013_0035_0039_0039.jpg 1 13 35 39 39
1226_0009_0042_0039_0039.jpg 1 9 42 39 39
1227_0026_0030_0052_0052.jpg 1 26 30 52 52
1228_0034_0017_0057_0057.jpg 1 34 17 57 57
1229_0019_0031_0056_0056.jpg 1 19 31 56 56
1230_0025_0019_0065_0065.jpg 1 25 19 65 65
1231_0054_0017_0035_0035.jpg 1 54 17 35 35
1232_0039_0025_0024_0024.jpg 1 39 25 24 24
1233_0032_0022_0050_0050.jpg 1 32 22 50 50
1234_0041_0031_0048_0048.jpg 1 41 31 48 48
1235_0041_0007_0040_0040.jpg 1 41 7 40 40
1236_0012_0009_0058_0058.jpg 1 12 9 58 58
1237_0026_0031_0039_0039.jpg 1 26 31 39 39
1238_0033_0030_0034_0034.jpg 1 33 30 34 34
1239_0015_0017_0053_0053.jpg 1 15 17 53 53
1240_0039_0011_0033_0033.jpg 1 39 11 33 33
1241_0041_0005_0046_0046.jpg 1 41 5 46 46
1242_0011_0012_0067_0067.jpg 1 11 12 67 67
1243_0049_0049_0038_0038.jpg 1 49 49 38 38
1244_0019_0030_0064_0064.jpg 1 19 30 64 64
1245_0029_0007_0058_0058.jpg 1 29 7 58 58
1246_0024_0015_0045_0045.jpg 1 24 15 45 45
1247_0041_0013_0033_0033.jpg 1 41 13 33 33
1248_0019_0032_0034_0034.jpg 1 19 32 34 34
1249_0017_0027_0027_0027.jpg 1 17 27 27 27
1250_0017_0022_0063_0063.jpg 1 17 22 63 63
1251_0010_0035_0033_0033.jpg 1 10 35 33 33
1252_0042_0009_0031_0031.jpg 1 42 9 31 31
1253_0027_0022_0068_0068.jpg 1 27 22 68 68
1254_0013_0040_0032_0032.jpg 1 13 40 32 32
1255_0021_0006_0050_0050.jpg 1 21 6 50 50
1256_0017_0011_0034_0034.jpg 1 17 11 34 34
1257_0020_0029_0043_0043.jpg 1 20 29 43 43
1258_0019_0035_0035_0035.jpg 1 19 35 35 35
1259_0013_0012_0060_0060.jpg 1 13 12 60 60
1260_0031_0047_0027_0027.jpg 1 31 47 27 27
1261_0041_0011_0038_0038.jpg 1 41 11 38 38
1262_0004_0009_0063_0063.jpg 1 4 9 63 63
1263_0014_0020_0054_0054.jpg 1 14 20 54 54
1264_0038_0041_0048_0048.jpg 1 38 41 48 48
1265_0035_0056_0028_0028.jpg 1 35 56 28 28
1266_0007_0006_0039_0039.jpg 1 7 6 39 39
1267_0028_0009_0034_0034.jpg 1 28 9 34 34
1268_0032_0050_0031_0031.jpg 1 32 50 31 31
1269_0020_0040_0054_0054.jpg 1 20 40 54 54
1270_0047_0032_0044_0044.jpg 1 47 32 44 44
1271_0055_0008_0034_0034.jpg 1 55 8 34 34
1272_0016_0043_0051_0051.jpg 1 16 43 51 51
1273_0008_0024_0048_0048.jpg 1 8 24 48 48
1274_0033_0006_0040_0040.jpg 1 33 6 40 40
1275_0006_0024_0039_0039.jpg 1 6 24 39 39
1276_0009_0017_0058_0058.jpg 1 9 17 58 58
1277_0033_0033_0061_0061.jpg 1 33 33 61 61
1278_0005_0038_0054_0054.jpg 1 5 38 54 54
1279_0020_0015_0033_0033.jpg 1 20 15 33 33
1280_0030_0020_0057_0057.jpg 1 30 20 57 57
1281_0015_0012_0066_0066.jpg 1 15 12 66 66
1282_0032_0017_0052_0052.jpg 1 32 17 52 52
1283_0056_0037_0034_0034.jpg 1 56 37 34 34
1284_0026_0047_0046_0046.jpg 1 26 47 46 46
1285_0045_0039_0026_0026.jpg 1 45 39 26 26
1286_0007_0014_0029_0029.jpg 1 7 14 29 29
1287_0008_0020_0065_0065.jpg 1 8 20 65 65
1288_0018_0039_0041_0041.jpg 1 18 39 41 41
1289_0024_0035_0036_0036.jpg 1 24 35 36 36
1290_0015_0029_0024_0024.jpg 1 15 29 24 24
1291_0020_0048_0037_0037.jpg 1 20 48 37 37
1292_0012_0026_0041_0041.jpg 1 12 26 41 41
1293_0023_0053_0027_0027.jpg 1 23 53 27 27
1294_0038_0032_0038_0038.jpg 1 38 32 38 38
1295_0016_0054_0032_0032.jpg 1 16 54 32 32
1296_0012_0012_0056_0056.jpg 1 12 12 56 56
1297_0008_0044_0042_0042.jpg 1 8 44 42 42
1298_0024_0022_0061_0061.jpg 1 24 22 61 61
1299_0026_0004_0064_0064.jpg 1 26 4 64 64
1300_0027_0050_0037_0037.jpg 1 27 50 37 37
1301_0017_0026_0061_0061.jpg 1 17 26 61 61
1302_0032_0017_0024_0024.jpg 1 32 17 24 24
1303_0018_0025_0061_0061.jpg 1 18 25 61 61
1304_0034_0056_0035_0035.jpg 1 34 56 35 35
1305_0066_0024_0025_0025.jpg 1 66 24 25 25
1306_0035_0008_0052_0052.jpg 1 35 8 52 52
1307_0036_0031_0056_0056.jpg 1 36 31 56 56
1308_0018_0020_0065_0065.jpg 1 18 20 65 65
1309_0034_0011_0056_0056.jpg 1 34 11 56 56
1310_0017_0039_0044_0044.jpg 1 17 39 44 44
1311_0033_0038_0055_0055.jpg 1 33 38 55 55
1312_0032_0008_0053_0053.jpg 1 32 8 53 53
1313_0033_0033_0030_0030.jpg 1 33 33 30 30
1314_0012_0042_0050_0050.jpg 1 12 42 50 50
1315_0016_0012_0039_0039.jpg 1 16 12 39 39
1316_0007_0015_0054_0054.jpg 1 7 15 54 54
1317_0019_0040_0053_0053.jpg 1 19 40 53 53
1318_0026_0018_0069_0069.jpg 1 26 18 69 69
1319_0007_0014_0053_0053.jpg 1 7 14 53 53
1320_0025_0010_0041_0041.jpg 1 25 10 41 41
1321_0036_0049_0038_0038.jpg 1 36 49 38 38
1322_0017_0057_0031_0031.jpg 1 17 57 31 31
1323_0015_0018_0066_0066.jpg 1 15 18 66 66
1324_0020_0042_0051_0051.jpg 1 20 42 51 51
1325_0014_0018_0062_0062.jpg 1 14 18 62 62
1326_0017_0043_0034_0034.jpg 1 17 43 34 34
1327_0019_0038_0053_0053.jpg 1 19 38 53 53
1328_0027_0025_0049_0049.jpg 1 27 25 49 49
1329_0048_0046_0038_0038.jpg 1 48 46 38 38
1330_0064_0025_0024_0024.jpg 1 64 25 24 24
1331_0022_0008_0055_0055.jpg 1 22 8 55 55
1332_0045_0012_0034_0034.jpg 1 45 12 34 34
1333_0039_0026_0038_0038.jpg 1 39 26 38 38
1334_0032_0035_0031_0031.jpg 1 32 35 31 31
1335_0031_0009_0062_0062.jpg 1 31 9 62 62
1336_0033_0016_0027_0027.jpg 1 33 16 27 27
1337_0029_0024_0041_0041.jpg 1 29 24 41 41
1338_0013_0017_0048_0048.jpg 1 13 17 48 48
1339_0025_0030_0047_0047.jpg 1 25 30 47 47
1340_0018_0013_0060_0060.jpg 1 18 13 60 60
1341_0064_0023_0025_0025.jpg 1 64 23 25 25
1342_0013_0007_0068_0068.jpg 1 13 7 68 68
1343_0035_0041_0050_0050.jpg 1 35 41 50 50
1344_0013_0028_0060_0060.jpg 1 13 28 60 60
1345_0039_0028_0045_0045.jpg 1 39 28 45 45
1346_0004_0012_0057_0057.jpg 1 4 12 57 57
1347_0023_0023_0058_0058.jpg 1 23 23 58 58
1348_0041_0056_0028_0028.jpg 1 41 56 28 28
1349_0003_0016_0068_0068.jpg 1 3 16 68 68
1350_0006_0023_0044_0044.jpg 1 6 23 44 44
1351_0022_0036_0028_0028.jpg 1 22 36 28 28
1352_0006_0009_0052_0052.jpg 1 6 9 52 52
1353_0052_0039_0034_0034.jpg 1 52 39 34 34
1354_0044_0017_0046_0046.jpg 1 44 17 46 46
1355_0013_0018_0068_0068.jpg 1 13 18 68 68
1356_0017_0023_0059_0059.jpg 1 17 23 59 59
1357_0050_0036_0040_0040.jpg 1 50 36 40 40
1358_0018_0015_0046_0046.jpg 1 18 15 46 46
1359_0012_0011_0048_0048.jpg 1 12 11 48 48
1360_0021_0009_0054_0054.jpg 1 21 9 54 54
1361_0051_0044_0042_0042.jpg 1 51 44 42 42
1362_0017_0024_0067_0067.jpg 1 17 24 67 67
1363_0016_0031_0029_0029.jpg 1 16 31 29 29
1364_0025_0013_0053_0053.jpg 1 25 13 53 53
1365_0026_0028_0027_0027.jpg 1 26 28 27 27
1366_0014_0017_0025_0025.jpg 1 14 17 25 25
1367_0029_0026_0031_0031.jpg 1 29 26 31 31
1368_0023_0008_0051_0051.jpg 1 23 8 51 51
1369_0041_0053_0039_0039.jpg 1 41 53 39 39
1370_0024_0016_0064_0064.jpg 1 24 16 64 64
1371_0041_0030_0051_0051.jpg 1 41 30 51 51
1372_0022_0028_0035_0035.jpg 1 22 28 35 35
1373_0024_0025_0061_0061.jpg 1 24 25 61 61
1374_0045_0024_0025_0025.jpg 1 45 24 25 25
1375_0026_0038_0054_0054.jpg 1 26 38 54 54
1376_0030_0030_0056_0056.jpg 1 30 30 56 56
1377_0023_0022_0059_0059.jpg 1 23 22 59 59
1378_0041_0026_0049_0049.jpg 1 41 26 49 49
1379_0036_0050_0043_0043.jpg 1 36 50 43 43
1380_0022_0026_0066_0066.jpg 1 22 26 66 66
1381_0025_0012_0037_0037.jpg 1 25 12 37 37
1382_0027_0059_0024_0024.jpg 1 27 59 24 24
1383_0027_0030_0036_0036.jpg 1 27 30 36 36
1384_0020_0014_0059_0059.jpg 1 20 14 59 59
1385_0013_0022_0066_0066.jpg 1 13 22 66 66
1386_0029_0018_0050_0050.jpg 1 29 18 50 50
1387_0021_0028_0058_0058.jpg 1 21 28 58 58
1388_0028_0020_0054_0054.jpg 1 28 20 54 54
1389_0028_0025_0048_0048.jpg 1 28 25 48 48
1390_0029_0009_0055_0055.jpg 1 29 9 55 55
1391_0049_0045_0043_0043.jpg 1 49 45 43 43
1392_0013_0017_0046_0046.jpg 1 13 17 46 46
1393_0010_0040_0036_0036.jpg 1 10 40 36 36
1394_0060_0038_0028_0028.jpg 1 60 38 28 28
1395_0031_0020_0062_0062.jpg 1 31 20 62 62
1396_0049_0034_0042_0042.jpg 1 49 34 42 42
1397_0061_0048_0027_0027.jpg 1 61 48 27 27
1398_0011_0048_0039_0039.jpg 1 11 48 39 39
1399_0008_0004_0065_0065.jpg 1 8 4 65 65
1400_0014_0016_0052_0052.jpg 1 14 16 52 52
1401_0004_0017_0061_0061.jpg 1 4 17 61 61
1402_0048_0018_0041_0041.jpg 1 48 18 41 41
1403_0013_0012_0067_0067.jpg 1 13 12 67 67
1404_0013_0012_0061_0061.jpg 1 13 12 61 61
1405_0038_0016_0037_0037.jpg 1 38 16 37 37
1406_0011_0003_0067_0067.jpg 1 11 3 67 67
1407_0007_0011_0064_0064.jpg 1 7 11 64 64
1408_0013_0031_0045_0045.jpg 1 13 31 45 45
1409_0030_0011_0056_0056.jpg 1 30 11 56 56
1410_0028_0029_0057_0057.jpg 1 28 29 57 57
1411_0026_0008_0037_0037.jpg 1 26 8 37 37
1412_0041_0015_0027_0027.jpg 1 41 15 27 27
1413_0030_0010_0064_0064.jpg 1 30 10 64 64
1414_0028_0018_0061_0061.jpg 1 28 18 61 61
1415_0013_0030_0062_0062.jpg 1 13 30 62 62
1416_0043_0032_0043_0043.jpg 1 43 32 43 43
1417_0014_0036_0058_0058.jpg 1 14 36 58 58
1418_0055_0049_0035_0035.jpg 1 55 49 35 35
1419_0020_0021_0068_0068.jpg 1 20 21 68 68
1420_0024_0016_0056_0056.jpg 1 24 16 56 56
1421_0040_0021_0053_0053.jpg 1 40 21 53 53
1422_0020_0042_0041_0041.jpg 1 20 42 41 41
1423_0029_0013_0045_0045.jpg 1 29 13 45 45
1424_0017_0056_0031_0031.jpg 1 17 56 31 31
1425_0030_0014_0063_0063.jpg 1 30 14 63 63
1426_0033_0027_0057_0057.jpg 1 33 27 57 57
1427_0049_0013_0035_0035.jpg 1 49 13 35 35
1428_0011_0011_0041_0041.jpg 1 11 11 41 41
1429_0006_0013_0049_0049.jpg 1 6 13 49 49
1430_0042_0036_0051_0051.jpg 1 42 36 51 51
1431_0018_0016_0064_0064.jpg 1 18 16 64 64
1432_0007_0022_0050_0050.jpg 1 7 22 50 50
1433_0010_0014_0058_0058.jpg 1 10 14 58 58
1434_0052_0013_0030_0030.jpg 1 52 13 30 30
1435_0034_0055_0036_0036.jpg 1 34 55 36 36
1436_0035_0015_0056_0056.jpg 1 35 15 56 56
1437_0043_0044_0035_0035.jpg 1 43 44 35 35
1438_0029_0014_0065_0065.jpg 1 29 14 65 65
1439_0010_0033_0061_0061.jpg 1 10 33 61 61
1440_0015_0016_0044_0044.jpg 1 15 16 44 44
1441_0020_0025_0066_0066.jpg 1 20 25 66 66
1442_0017_0027_0063_0063.jpg 1 17 27 63 63
1443_0035_0040_0040_0040.jpg 1 35 40 40 40
1444_0038_0012_0051_0051.jpg 1 38 12 51 51
1445_0032_0032_0040_0040.jpg 1 32 32 40 40
1446_0008_0050_0041_0041.jpg 1 8 50 41 41
1447_0054_0054_0026_0026.jpg 1 54 54 26 26
1448_0050_0018_0040_0040.jpg 1 50 18 40 40
1449_0018_0006_0060_0060.jpg 1 18 6 60 60
1450_0008_0060_0032_0032.jpg 1 8 60 32 32
1451_0018_0018_0049_0049.jpg 1 18 18 49 49
1452_0031_0015_0064_0064.jpg 1 31 15 64 64
1453_0033_0056_0031_0031.jpg 1 33 56 31 31
1454_0061_0038_0024_0024.jpg 1 61 38 24 24
1455_0025_0033_0039_0039.jpg 1 25 33 39 39
1456_0028_0005_0044_0044.jpg 1 28 5 44 44
1457_0015_0011_0061_0061.jpg 1 15 11 61 61
1458_0021_0010_0034_0034.jpg 1 21 10 34 34
1459_0008_0017_0060_0060.jpg 1 8 17 60 60
1460_0035_0026_0041_0041.jpg 1 35 26 41 41
1461_0017_0029_0057_0057.jpg 1 17 29 57 57
1462_0012_0017_0061_0061.jpg 1 12 17 61 61
1463_0025_0016_0057_0057.jpg 1 25 16 57 57
1464_0020_0020_0044_0044.jpg 1 20 20 44 44
1465_0035_0046_0045_0045.jpg 1 35 46 45 45
1466_0014_0006_0047_0047.jpg 1 14 6 47 47
1467_0022_0004_0067_0067.jpg 1 22 4 67 67
1468_0041_0049_0039_0039.jpg 1 41 49 39 39
1469_0011_0021_0067_0067.jpg 1 11 21 67 67
1470_0007_0055_0038_0038.jpg 1 7 55 38 38
1471_0012_0010_0055_0055.jpg 1 12 10 55 55
1472_0027_0033_0039_0039.jpg 1 27 33 39 39
1473_0037_0026_0049_0049.jpg 1 37 26 49 49
1474_0013_0005_0051_0051.jpg 1 13 5 51 51
1475_0033_0013_0055_0055.jpg 1 33 13 55 55
1476_0023_0017_0068_0068.jpg 1 23 17 68 68
1477_0009_0032_0027_0027.jpg 1 9 32 27 27
1478_0014_0004_0064_0064.jpg 1 14 4 64 64
1479_0010_0035_0049_0049.jpg 1 10 35 49 49
1480_0013_0055_0030_0030.jpg 1 13 55 30 30
1481_0047_0034_0046_0046.jpg 1 47 34 46 46
1482_0013_0044_0048_0048.jpg 1 13 44 48 48
1483_0031_0009_0047_0047.jpg 1 31 9 47 47
1484_0008_0010_0036_0036.jpg 1 8 10 36 36
1485_0021_0015_0040_0040.jpg 1 21 15 40 40
1486_0032_0025_0045_0045.jpg 1 32 25 45 45
1487_0013_0032_0056_0056.jpg 1 13 32 56 56
1488_0009_0034_0061_0061.jpg 1 9 34 61 61
1489_0008_0015_0069_0069.jpg 1 8 15 69 69
1490_0038_0033_0025_0025.jpg 1 38 33 25 25
1491_0034_0028_0051_0051.jpg 1 34 28 51 51
1492_0028_0047_0045_0045.jpg 1 28 47 45 45
1493_0025_0017_0037_0037.jpg 1 25 17 37 37
1494_0043_0024_0036_0036.jpg 1 43 24 36 36
1495_0022_0047_0041_0041.jpg 1 22 47 41 41
1496_0059_0032_0027_0027.jpg 1 59 32 27 27
1497_0058_0047_0029_0029.jpg 1 58 47 29 29
1498_0038_0017_0036_0036.jpg 1 38 17 36 36
1499_0021_0050_0032_0032.jpg 1 21 50 32 32
1500_0051_0048_0028_0028.jpg 1 51 48 28 28
1501_0023_0037_0050_0050.jpg 1 23 37 50 50
1502_0008_0027_0033_0033.jpg 1 8 27 33 33
1503_0023_0008_0039_0039.jpg 1 23 8 39 39
1504_0035_0030_0041_0041.jpg 1 35 30 41 41
1505_0034_0033_0029_0029.jpg 1 34 33 29 29
1506_0021_0042_0030_0030.jpg 1 21 42 30 30
1507_0045_0037_0039_0039.jpg 1 45 37 39 39
1508_0044_0031_0050_0050.jpg 1 44 31 50 50
1509_0032_0055_0025_0025.jpg 1 32 55 25 25
1510_0033_0012_0026_0026.jpg 1 33 12 26 26
1511_0016_0017_0050_0050.jpg 1 16 17 50 50
1512_0044_0054_0032_0032.jpg 1 44 54 32 32
1513_0031_0013_0035_0035.jpg 1 31 13 35 35
1514_0014_0015_0063_0063.jpg 1 14 15 63 63
1515_0033_0009_0057_0057.jpg 1 33 9 57 57
1516_0027_0005_0066_0066.jpg 1 27 5 66 66
1517_0023_0017_0040_0040.jpg 1 23 17 40 40
1518_0015_0013_0039_0039.jpg 1 15 13 39 39
1519_0046_0033_0035_0035.jpg 1 46 33 35 35
1520_0015_0005_0042_0042.jpg 1 15 5 42 42
1521_0010_0006_0064_0064.jpg 1 10 6 64 64
1522_0030_0043_0046_0046.jpg 1 30 43 46 46
1523_0025_0037_0058_0058.jpg 1 25 37 58 58
1524_0050_0063_0029_0029.jpg 1 50 63 29 29
1525_0021_0022_0045_0045.jpg 1 21 22 45 45
1526_0025_0013_0042_0042.jpg 1 25 13 42 42
1527_0038_0021_0045_0045.jpg 1 38 21 45 45
1528_0008_0013_0060_0060.jpg 1 8 13 60 60
1529_0037_0006_0041_0041.jpg 1 37 6 41 41
1530_0006_0014_0063_0063.jpg 1 6 14 63 63
1531_0064_0009_0026_0026.jpg 1 64 9 26 26
1532_0014_0010_0065_0065.jpg 1 14 10 65 65
1533_0047_0032_0044_0044.jpg 1 47 32 44 44
1534_0033_0007_0055_0055.jpg 1 33 7 55 55
1535_0039_0047_0031_0031.jpg 1 39 47 31 31
1536_0010_0042_0043_0043.jpg 1 10 42 43 43
1537_0026_0011_0064_0064.jpg 1 26 11 64 64
1538_0024_0010_0054_0054.jpg 1 24 10 54 54
1539_0025_0017_0055_0055.jpg 1 25 17 55 55
1540_0017_0010_0064_0064.jpg 1 17 10 64 64
1541_0035_0007_0059_0059.jpg 1 35 7 59 59
1542_0057_0025_0030_0030.jpg 1 57 25 30 30
1543_0042_0024_0026_0026.jpg 1 42 24 26 26
1544_0025_0037_0056_0056.jpg 1 25 37 56 56
1545_0049_0009_0045_0045.jpg 1 49 9 45 45
1546_0024_0005_0041_0041.jpg 1 24 5 41 41
1547_0013_0033_0058_0058.jpg 1 13 33 58 58
1548_0023_0024_0057_0057.jpg 1 23 24 57 57
1549_0029_0030_0055_0055.jpg 1 29 30 55 55
1550_0016_0019_0028_0028.jpg 1 16 19 28 28
1551_0023_0029_0058_0058.jpg 1 23 29 58 58
1552_0025_0009_0061_0061.jpg 1 25 9 61 61
1553_0044_0011_0043_0043.jpg 1 44 11 43 43
1554_0032_0029_0055_0055.jpg 1 32 29 55 55
1555_0016_0033_0059_0059.jpg 1 16 33 59 59
1556_0020_0006_0067_0067.jpg 1 20 6 67 67
1557_0064_0057_0024_0024.jpg 1 64 57 24 24
1558_0017_0064_0027_0027.jpg 1 17 64 27 27
1559_0005_0016_0049_0049.jpg 1 5 16 49 49
1560_0011_0042_0040_0040.jpg 1 11 42 40 40
1561_0008_0028_0039_0039.jpg 1 8 28 39 39
1562_0026_0016_0059_0059.jpg 1 26 16 59 59
1563_0018_0006_0049_0049.jpg 1 18 6 49 49
1564_0028_0026_0064_0064.jpg 1 28 26 64 64
1565_0030_0028_0055_0055.jpg 1 30 28 55 55
1566_0031_0018_0063_0063.jpg 1 31 18 63 63
1567_0038_0009_0047_0047.jpg 1 38 9 47 47
1568_0026_0032_0050_0050.jpg 1 26 32 50 50
1569_0033_0037_0036_0036.jpg 1 33 37 36 36
1570_0052_0022_0036_0036.jpg 1 52 22 36 36
1571_0017_0056_0031_0031.jpg 1 17 56 31 31
1572_0052_0037_0031_0031.jpg 1 52 37 31 31
1573_0039_0018_0027_0027.jpg 1 39 18 27 27
1574_0015_0021_0056_0056.jpg 1 15 21 56 56
1575_0009_0014_0042_0042.jpg 1 9 14 42 42
1576_0021_0006_0063_0063.jpg 1 21 6 63 63
1577_0050_0010_0033_0033.jpg 1 50 10 33 33
1578_0036_0038_0027_0027.jpg 1 36 38 27 27
1579_0024_0011_0061_0061.jpg 1 24 11 61 61
1580_0025_0028_0050_0050.jpg 1 25 28 50 50
1581_0032_0014_0062_0062.jpg 1 32 14 62 62
1582_0020_0024_0058_0058.jpg 1 20 24 58 58
1583_0017_0025_0045_0045.jpg 1 17 25 45 45
1584_0016_0034_0056_0056.jpg 1 16 34 56 56
1585_0049_0030_0030_0030.jpg 1 49 30 30 30
1586_0014_0013_0066_0066.jpg 1 14 13 66 66
1587_0052_0053_0040_0040.jpg 1 52 53 40 40
1588_0019_0003_0067_0067.jpg 1 19 3 67 67
1589_0013_0028_0063_0063.jpg 1 13 28 63 63
1590_0048_0061_0024_0024.jpg 1 48 61 24 24
1591_0023_0037_0057_0057.jpg 1 23 37 57 57
1592_0011_0020_0037_0037.jpg 1 11 20 37 37
1593_0052_0034_0039_0039.jpg 1 52 34 39 39
1594_0056_0018_0035_0035.jpg 1 56 18 35 35
1595_0034_0022_0028_0028.jpg 1 34 22 28 28
1596_0009_0039_0052_0052.jpg 1 9 39 52 52
1597_0051_0015_0033_0033.jpg 1 51 15 33 33
1598_0032_0059_0025_0025.jpg 1 32 59 25 25
1599_0008_0023_0054_0054.jpg 1 8 23 54 54
1600_0014_0007_0063_0063.jpg 1 14 7 63 63
1601_0030_0012_0056_0056.jpg 1 30 12 56 56
1602_0029_0034_0033_0033.jpg 1 29 34 33 33
1603_0024_0016_0025_0025.jpg 1 24 16 25 25
1604_0026_0039_0050_0050.jpg 1 26 39 50 50
1605_0006_0029_0038_0038.jpg 1 6 29 38 38
1606_0035_0036_0053_0053.jpg 1 35 36 53 53
1607_0010_0013_0051_0051.jpg 1 10 13 51 51
1608_0026_0032_0037_0037.jpg 1 26 32 37 37
1609_0008_0005_0066_0066.jpg 1 8 5 66 66
1610_0023_0033_0032_0032.jpg 1 23 33 32 32
1611_0016_0053_0037_0037.jpg 1 16 53 37 37
1612_0021_0022_0026_0026.jpg 1 21 22 26 26
1613_0029_0033_0043_0043.jpg 1 29 33 43 43
1614_0024_0037_0049_0049.jpg 1 24 37 49 49
1615_0051_0011_0026_0026.jpg 1 51 11 26 26
1616_0006_0015_0043_0043.jpg 1 6 15 43 43
1617_0032_0018_0064_0064.jpg 1 32 18 64 64
1618_0018_0061_0024_0024.jpg 1 18 61 24 24
1619_0032_0008_0028_0028.jpg 1 32 8 28 28
1620_0024_0034_0047_0047.jpg 1 24 34 47 47
1621_0037_0051_0025_0025.jpg 1 37 51 25 25
1622_0059_0052_0029_0029.jpg 1 59 52 29 29
1623_0010_0058_0029_0029.jpg 1 10 58 29 29
1624_0024_0048_0042_0042.jpg 1 24 48 42 42
1625_0007_0057_0024_0024.jpg 1 7 57 24 24
1626_0034_0031_0054_0054.jpg 1 34 31 54 54
1627_0020_0025_0062_0062.jpg 1 20 25 62 62
1628_0060_0035_0024_0024.jpg 1 60 35 24 24
1629_0007_0039_0051_0051.jpg 1 7 39 51 51
1630_0048_0053_0025_0025.jpg 1 48 53 25 25
1631_0043_0032_0039_0039.jpg 1 43 32 39 39
1632_0057_0021_0024_0024.jpg 1 57 21 24 24
1633_0027_0028_0062_0062.jpg 1 27 28 62 62
1634_0024_0053_0034_0034.jpg 1 24 53 34 34
1635_0009_0016_0062_0062.jpg 1 9 16 62 62
1636_0016_0027_0059_0059.jpg 1 16 27 59 59
1637_0006_0025_0055_0055.jpg 1 6 25 55 55
1638_0042_0008_0029_0029.jpg 1 42 8 29 29
1639_0033_0033_0047_0047.jpg 1 33 33 47 47
1640_0031_0004_0063_0063.jpg 1 31 4 63 63
1641_0036_0022_0029_0029.jpg 1 36 22 29 29
1642_0011_0024_0040_0040.jpg 1 11 24 40 40
1643_0017_0021_0052_0052.jpg 1 17 21 52 52
1644_0044_0044_0047_0047.jpg 1 44 44 47 47
1645_0016_0009_0056_0056.jpg 1 16 9 56 56
1646_0011_0011_0029_0029.jpg 1 11 11 29 29
1647_0047_0028_0025_0025.jpg 1 47 28 25 25
1648_0044_0039_0044_0044.jpg 1 44 39 44 44
1649_0038_0028_0030_0030.jpg 1 38 28 30 30
1650_0007_0041_0048_0048.jpg 1 7 41 48 48
1651_0042_0037_0028_0028.jpg 1 42 37 28 28
1652_0047_0034_0028_0028.jpg 1 47 34 28 28
1653_0019_0032_0054_0054.jpg 1 19 32 54 54
1654_0031_0017_0059_0059.jpg 1 31 17 59 59
1655_0006_0014_0042_0042.jpg 1 6 14 42 42
1656_0033_0012_0057_0057.jpg 1 33 12 57 57
1657_0030_0032_0032_0032.jpg 1 30 32 32 32
1658_0021_0014_0029_0029.jpg 1 21 14 29 29
1659_0017_0016_0062_0062.jpg 1 17 16 62 62
1660_0036_0012_0049_0049.jpg 1 36 12 49 49
1661_0012_0052_0037_0037.jpg 1 12 52 37 37
1662_0010_0006_0066_0066.jpg 1 10 6 66 66
1663_0007_0029_0060_0060.jpg 1 7 29 60 60
1664_0012_0012_0044_0044.jpg 1 12 12 44 44
1665_0008_0027_0042_0042.jpg 1 8 27 42 42
1666_0014_0024_0058_0058.jpg 1 14 24 58 58
1667_0034_0021_0040_0040.jpg 1 34 21 40 40
1668_0014_0025_0044_0044.jpg 1 14 25 44 44
1669_0009_0022_0062_0062.jpg 1 9 22 62 62
1670_0005_0007_0066_0066.jpg 1 5 7 66 66
1671_0011_0025_0067_0067.jpg 1 11 25 67 67
1672_0060_0056_0027_0027.jpg 1 60 56 27 27
1673_0007_0008_0061_0061.jpg 1 7 8 61 61
1674_0005_0018_0048_0048.jpg 1 5 18 48 48
1675_0025_0016_0065_0065.jpg 1 25 16 65 65
1676_0028_0007_0057_0057.jpg 1 28 7 57 57
1677_0019_0015_0028_0028.jpg 1 19 15 28 28
1678_0048_0023_0041_0041.jpg 1 48 23 41 41
1679_0048_0039_0041_0041.jpg 1 48 39 41 41
1680_0037_0038_0052_0052.jpg 1 37 38 52 52
1681_0008_0027_0037_0037.jpg 1 8 27 37 37
1682_0045_0019_0029_0029.jpg 1 45 19 29 29
1683_0024_0031_0046_0046.jpg 1 24 31 46 46
1684_0015_0019_0034_0034.jpg 1 15 19 34 34
1685_0016_0013_0066_0066.jpg 1 16 13 66 66
1686_0034_0013_0054_0054.jpg 1 34 13 54 54
1687_0024_0019_0066_0066.jpg 1 24 19 66 66
1688_0032_0023_0052_0052.jpg 1 32 23 52 52
1689_0054_0044_0037_0037.jpg 1 54 44 37 37
1690_0062_0040_0026_0026.jpg 1 62 40 26 26
1691_0006_0030_0051_0051.jpg 1 6 30 51 51
1692_0019_0017_0025_0025.jpg 1 19 17 25 25
1693_0025_0031_0057_0057.jpg 1 25 31 57 57
1694_0015_0022_0060_0060.jpg 1 15 22 60 60
1695_0018_0032_0056_0056.jpg 1 18 32 56 56
1696_0008_0035_0041_0041.jpg 1 8 35 41 41
1697_0015_0027_0060_0060.jpg 1 15 27 60 60
1698_0004_0013_0065_0065.jpg 1 4 13 65 65
1699_0028_0017_0061_0061.jpg 1 28 17 61 61
1700_0054_0054_0031_0031.jpg 1 54 54 31 31
1701_0016_0017_0067_0067.jpg 1 16 17 67 67
1702_0051_0021_0029_0029.jpg 1 51 21 29 29
1703_0038_0042_0032_0032.jpg 1 38 42 32 32
1704_0017_0044_0049_0049.jpg 1 17 44 49 49
1705_0008_0014_0048_0048.jpg 1 8 14 48 48
1706_0059_0016_0031_0031.jpg 1 59 16 31 31
1707_0008_0014_0042_0042.jpg 1 8 14 42 42
1708_0014_0022_0049_0049.jpg 1 14 22 49 49
1709_0031_0014_0031_0031.jpg 1 31 14 31 31
1710_0060_0011_0024_0024.jpg 1 60 11 24 24
1711_0033_0018_0028_0028.jpg 1 33 18 28 28
1712_0034_0020_0056_0056.jpg 1 34 20 56 56
1713_0024_0020_0052_0052.jpg 1 24 20 52 52
1714_0036_0009_0048_0048.jpg 1 36 9 48 48
1715_0053_0032_0034_0034.jpg 1 53 32 34 34
1716_0054_0010_0035_0035.jpg 1 54 10 35 35
1717_0035_0006_0053_0053.jpg 1 35 6 53 53
1718_0030_0017_0051_0051.jpg 1 30 17 51 51
1719_0003_0023_0068_0068.jpg 1 3 23 68 68
1720_0033_0012_0027_0027.jpg 1 33 12 27 27
1721_0045_0010_0041_0041.jpg 1 45 10 41 41
1722_0029_0016_0044_0044.jpg 1 29 16 44 44
1723_0024_0021_0037_0037.jpg 1 24 21 37 37
1724_0011_0025_0067_0067.jpg 1 11 25 67 67
1725_0015_0011_0045_0045.jpg 1 15 11 45 45
1726_0037_0019_0043_0043.jpg 1 37 19 43 43
1727_0040_0027_0043_0043.jpg 1 40 27 43 43
1728_0030_0030_0051_0051.jpg 1 30 30 51 51
1729_0058_0029_0035_0035.jpg 1 58 29 35 35
1730_0020_0026_0058_0058.jpg 1 20 26 58 58
1731_0048_0021_0037_0037.jpg 1 48 21 37 37
1732_0011_0026_0055_0055.jpg 1 11 26 55 55
1733_0049_0011_0041_0041.jpg 1 49 11 41 41
1734_0035_0028_0048_0048.jpg 1 35 28 48 48
1735_0037_0016_0057_0057.jpg 1 37 16 57 57
1736_0040_0035_0054_0054.jpg 1 40 35 54 54
1737_0022_0038_0033_0033.jpg 1 22 38 33 33
1738_0025_0022_0063_0063.jpg 1 25 22 63 63
1739_0028_0030_0060_0060.jpg 1 28 30 60 60
1740_0007_0044_0029_0029.jpg 1 7 44 29 29
1741_0011_0020_0042_0042.jpg 1 11 20 42 42
1742_0025_0033_0059_0059.jpg 1 25 33 59 59
1743_0030_0007_0026_0026.jpg 1 30 7 26 26
1744_0009_0029_0049_0049.jpg 1 9 29 49 49
1745_0022_0033_0059_0059.jpg 1 22 33 59 59
1746_0055_0035_0028_0028.jpg 1 55 35 28 28
1747_0036_0044_0044_0044.jpg 1 36 44 44 44
1748_0019_0010_0064_0064.jpg 1 19 10 64 64
1749_0051_0011_0039_0039.jpg 1 51 11 39 39
1750_0005_0037_0051_0051.jpg 1 5 37 51 51
1751_0027_0023_0066_0066.jpg 1 27 23 66 66
1752_0015_0012_0025_0025.jpg 1 15 12 25 25
1753_0017_0032_0062_0062.jpg 1 17 32 62 62
1754_0037_0040_0031_0031.jpg 1 37 40 31 31
1755_0016_0018_0069_0069.jpg 1 16 18 69 69
1756_0010_0022_0069_0069.jpg 1 10 22 69 69
1757_0043_0051_0031_0031.jpg 1 43 51 31 31
1758_0032_0028_0050_0050.jpg 1 32 28 50 50
1759_0035_0019_0024_0024.jpg 1 35 19 24 24
1760_0027_0026_0067_0067.jpg 1 27 26 67 67
1761_0024_0025_0050_0050.jpg 1 24 25 50 50
1762_0006_0037_0043_0043.jpg 1 6 37 43 43
1763_0012_0006_0054_0054.jpg 1 12 6 54 54
1764_0034_0055_0037_0037.jpg 1 34 55 37 37
1765_0027_0023_0060_0060.jpg 1 27 23 60 60
1766_0008_0005_0063_0063.jpg 1 8 5 63 63
1767_0028_0016_0061_0061.jpg 1 28 16 61 61
1768_0042_0007_0038_0038.jpg 1 42 7 38 38
1769_0023_0026_0060_0060.jpg 1 23 26 60 60
1770_0024_0013_0066_0066.jpg 1 24 13 66 66
1771_0019_0046_0045_0045.jpg 1 19 46 45 45
1772_0060_0066_0024_0024.jpg 1 60 66 24 24
1773_0017_0015_0056_0056.jpg 1 17 15 56 56
1774_0009_0054_0034_0034.jpg 1 9 54 34 34
1775_0039_0041_0040_0040.jpg 1 39 41 40 40
1776_0007_0032_0054_0054.jpg 1 7 32 54 54
1777_0032_0021_0055_0055.jpg 1 32 21 55 55
1778_0036_0032_0043_0043.jpg 1 36 32 43 43
1779_0037_0037_0036_0036.jpg 1 37 37 36 36
1780_0010_0019_0048_0048.jpg 1 10 19 48 48
1781_0034_0031_0035_0035.jpg 1 34 31 35 35
1782_0005_0004_0065_0065.jpg 1 5 4 65 65
1783_0028_0003_0065_0065.jpg 1 28 3 65 65
1784_0007_0043_0034_0034.jpg 1 7 43 34 34
1785_0012_0015_0029_0029.jpg 1 12 15 29 29
1786_0031_0030_0055_0055.jpg 1 31 30 55 55
1787_0042_0014_0030_0030.jpg 1 42 14 30 30
1788_0053_0039_0039_0039.jpg 1 53 39 39 39
1789_0050_0016_0038_0038.jpg 1 50 16 38 38
1790_0006_0015_0066_0066.jpg 1 6 15 66 66
1791_0013_0056_0034_0034.jpg 1 13 56 34 34
1792_0022_0031_0028_0028.jpg 1 22 31 28 28
1793_0034_0018_0028_0028.jpg 1 34 18 28 28
1794_0030_0035_0041_0041.jpg 1 30 35 41 41
1795_0033_0007_0039_0039.jpg 1 33 7 39 39
1796_0035_0039_0051_0051.jpg 1 35 39 51 51
1797_0041_0008_0051_0051.jpg 1 41 8 51 51
1798_0019_0028_0038_0038.jpg 1 19 28 38 38
1799_0021_0034_0056_0056.jpg 1 21 34 56 56
1800_0042_0049_0037_0037.jpg 1 42 49 37 37
1801_0014_0012_0040_0040.jpg 1 14 12 40 40
1802_0020_0009_0060_0060.jpg 1 20 9 60 60
1803_0036_0033_0037_0037.jpg 1 36 33 37 37
1804_0025_0026_0061_0061.jpg 1 25 26 61 61
1805_0021_0035_0057_0057.jpg 1 21 35 57 57
1806_0035_0012_0058_0058.jpg 1 35 12 58 58
1807_0024_0028_0061_0061.jpg 1 24 28 61 61
1808_0006_0009_0068_0068.jpg 1 6 9 68 68
1809_0005_0019_0051_0051.jpg 1 5 19 51 51
1810_0009_0034_0060_0060.jpg 1 9 34 60 60
1811_0020_0048_0035_0035.jpg 1 20 48 35 35
1812_0004_0026_0060_0060.jpg 1 4 26 60 60
1813_0005_0014_0057_0057.jpg 1 5 14 57 57
1814_0051_0007_0041_0041.jpg 1 51 7 41 41
1815_0011_0029_0054_0054.jpg 1 11 29 54 54
1816_0027_0026_0061_0061.jpg 1 27 26 61 61
1817_0021_0021_0032_0032.jpg 1 21 21 32 32
1818_0007_0062_0024_0024.jpg 1 7 62 24 24
1819_0007_0008_0060_0060.jpg 1 7 8 60 60
1820_0021_0026_0055_0055.jpg 1 21 26 55 55
1821_0015_0037_0035_0035.jpg 1 15 37 35 35
1822_0031_0032_0047_0047.jpg 1 31 32 47 47
1823_0052_0044_0033_0033.jpg 1 52 44 33 33
1824_0045_0021_0030_0030.jpg 1 45 21 30 30
1825_0006_0011_0045_0045.jpg 1 6 11 45 45
1826_0023_0017_0069_0069.jpg 1 23 17 69 69
1827_0044_0025_0041_0041.jpg 1 44 25 41 41
1828_0043_0027_0037_0037.jpg 1 43 27 37 37
1829_0018_0019_0039_0039.jpg 1 18 19 39 39
1830_0015_0055_0028_0028.jpg 1 15 55 28 28
1831_0032_0013_0049_0049.jpg 1 32 13 49 49
1832_0008_0019_0062_0062.jpg 1 8 19 62 62
1833_0040_0053_0027_0027.jpg 1 40 53 27 27
1834_0007_0043_0044_0044.jpg 1 7 43 44 44
1835_0011_0016_0026_0026.jpg 1 11 16 26 26
1836_0015_0052_0036_0036.jpg 1 15 52 36 36
1837_0050_0028_0031_0031.jpg 1 50 28 31 31
1838_0062_0015_0025_0025.jpg 1 62 15 25 25
1839_0031_0046_0040_0040.jpg 1 31 46 40 40
1840_0016_0007_0062_0062.jpg 1 16 7 62 62
1841_0029_0024_0045_0045.jpg 1 29 24 45 45
1842_0023_0033_0030_0030.jpg 1 23 33 30 30
1843_0006_0034_0052_0052.jpg 1 6 34 52 52
1844_0014_0022_0059_0059.jpg 1 14 22 59 59
1845_0050_0009_0029_0029.jpg 1 50 9 29 29
1846_0005_0009_0054_0054.jpg 1 5 9 54 54
1847_0056_0059_0031_0031.jpg 1 56 59 31 31
1848_0037_0010_0046_0046.jpg 1 37 10 46 46
1849_0029_0015_0054_0054.jpg 1 29 15 54 54
1850_0063_0064_0027_0027.jpg 1 63 64 27 27
1851_0017_0013_0046_0046.jpg 1 17 13 46 46
1852_0018_0034_0036_0036.jpg 1 18 34 36 36
1853_0047_0029_0043_0043.jpg 1 47 29 43 43
1854_0015_0019_0043_0043.jpg 1 15 19 43 43
1855_0024_0028_0065_0065.jpg 1 24 28 65 65
1856_0019_0004_0063_0063.jpg 1 19 4 63 63
1857_0032_0022_0058_0058.jpg 1 32 22 58 58
1858_0027_0022_0064_0064.jpg 1 27 22 64 64
1859_0022_0025_0033_0033.jpg 1 22 25 33 33
1860_0021_0004_0062_0062.jpg 1 21 4 62 62
1861_0029_0021_0064_0064.jpg 1 29 21 64 64
1862_0028_0035_0046_0046.jpg 1 28 35 46 46
1863_0038_0035_0031_0031.jpg 1 38 35 31 31
1864_0007_0012_0046_0046.jpg 1 7 12 46 46
1865_0064_0011_0026_0026.jpg 1 64 11 26 26
1866_0035_0018_0053_0053.jpg 1 35 18 53 53
1867_0024_0008_0050_0050.jpg 1 24 8 50 50
1868_0040_0043_0038_0038.jpg 1 40 43 38 38
1869_0004_0016_0056_0056.jpg 1 4 16 56 56
1870_0040_0038_0037_0037.jpg 1 40 38 37 37
1871_0024_0028_0045_0045.jpg 1 24 28 45 45
1872_0020_0048_0043_0043.jpg 1 20 48 43 43
1873_0029_0019_0063_0063.jpg 1 29 19 63 63
1874_0021_0053_0032_0032.jpg 1 21 53 32 32
1875_0027_0029_0028_0028.jpg 1 27 29 28 28
1876_0017_0031_0040_0040.jpg 1 17 31 40 40
1877_0021_0024_0069_0069.jpg 1 21 24 69 69
1878_0034_0034_0051_0051.jpg 1 34 34 51 51
1879_0029_0018_0067_0067.jpg 1 29 18 67 67
1880_0056_0030_0035_0035.jpg 1 56 30 35 35
1881_0027_0063_0029_0029.jpg 1 27 63 29 29
1882_0041_0017_0053_0053.jpg 1 41 17 53 53
1883_0011_0017_0030_0030.jpg 1 11 17 30 30
1884_0020_0021_0050_0050.jpg 1 20 21 50 50
1885_0030_0037_0049_0049.jpg 1 30 37 49 49
1886_0010_0031_0057_0057.jpg 1 10 31 57 57
1887_0014_0025_0068_0068.jpg 1 14 25 68 68
1888_0034_0041_0053_0053.jpg 1 34 41 53 53
1889_0006_0023_0055_0055.jpg 1 6 23 55 55
1890_0029_0008_0066_0066.jpg 1 29 8 66 66
1891_0021_0014_0045_0045.jpg 1 21 14 45 45
1892_0032_0031_0062_0062.jpg 1 32 31 62 62
1893_0053_0049_0041_0041.jpg 1 53 49 41 41
1894_0015_0005_0068_0068.jpg 1 15 5 68 68
1895_0030_0037_0029_0029.jpg 1 30 37 29 29
1896_0035_0037_0038_0038.jpg 1 35 37 38 38
1897_0047_0026_0042_0042.jpg 1 47 26 42 42
1898_0037_0045_0039_0039.jpg 1 37 45 39 39
1899_0020_0036_0048_0048.jpg 1 20 36 48 48
1900_0029_0036_0037_0037.jpg 1 29 36 37 37
1901_0010_0042_0045_0045.jpg 1 10 42 45 45
1902_0012_0023_0025_0025.jpg 1 12 23 25 25
1903_0025_0014_0068_0068.jpg 1 25 14 68 68
1904_0041_0019_0046_0046.jpg 1 41 19 46 46
1905_0020_0033_0052_0052.jpg 1 20 33 52 52
1906_0047_0048_0036_0036.jpg 1 47 48 36 36
1907_0014_0032_0047_0047.jpg 1 14 32 47 47
1908_0039_0067_0024_0024.jpg 1 39 67 24 24
1909_0008_0012_0053_0053.jpg 1 8 12 53 53
1910_0049_0048_0036_0036.jpg 1 49 48 36 36
1911_0044_0007_0044_0044.jpg 1 44 7 44 44
1912_0042_0019_0044_0044.jpg 1 42 19 44 44
1913_0024_0015_0059_0059.jpg 1 24 15 59 59
1914_0020_0023_0025_0025.jpg 1 20 23 25 25
1915_0015_0016_0057_0057.jpg 1 15 16 57 57
1916_0030_0038_0051_0051.jpg 1 30 38 51 51
1917_0016_0046_0047_0047.jpg 1 16 46 47 47
1918_0025_0019_0044_0044.jpg 1 25 19 44 44
1919_0031_0034_0035_0035.jpg 1 31 34 35 35
1920_0025_0020_0048_0048.jpg 1 25 20 48 48
1921_0016_0041_0033_0033.jpg 1 16 41 33 33
1922_0041_0041_0051_0051.jpg 1 41 41 51 51
1923_0010_0022_0067_0067.jpg 1 10 22 67 67
1924_0011_0010_0047_0047.jpg 1 11 10 47 47
1925_0008_0007_0060_0060.jpg 1 8 7 60 60
1926_0022_0018_0056_0056.jpg 1 22 18 56 56
1927_0030_0015_0049_0049.jpg 1 30 15 49 49
1928_0016_0021_0055_0055.jpg 1 16 21 55 55
1929_0044_0027_0042_0042.jpg 1 44 27 42 42
1930_0005_0035_0047_0047.jpg 1 5 35 47 47
1931_0024_0047_0046_0046.jpg 1 24 47 46 46
1932_0043_0026_0026_0026.jpg 1 43 26 26 26
1933_0015_0029_0063_0063.jpg 1 15 29 63 63
1934_0007_0048_0041_0041.jpg 1 7 48 41 41
1935_0038_0011_0048_0048.jpg 1 38 11 48 48
1936_0018_0015_0058_0058.jpg 1 18 15 58 58
1937_0040_0008_0049_0049.jpg 1 40 8 49 49
1938_0012_0028_0043_0043.jpg 1 12 28 43 43
1939_0047_0025_0032_0032.jpg 1 47 25 32 32
1940_0027_0015_0065_0065.jpg 1 27 15 65 65
1941_0030_0012_0048_0048.jpg 1 30 12 48 48
1942_0010_0033_0025_0025.jpg 1 10 33 25 25
1943_0027_0030_0031_0031.jpg 1 27 30 31 31
1944_0027_0051_0027_0027.jpg 1 27 51 27 27
1945_0008_0026_0068_0068.jpg 1 8 26 68 68
1946_0027_0029_0059_0059.jpg 1 27 29 59 59
1947_0035_0038_0051_0051.jpg 1 35 38 51 51
1948_0027_0017_0067_0067.jpg 1 27 17 67 67
1949_0045_0043_0035_0035.jpg 1 45 43 35 35
1950_0008_0024_0066_0066.jpg 1 8 24 66 66
